<?xml version="1.0" encoding="UTF-8"?>
<testsuite name="com.beibei.bbmanage.BbmanageApplicationTests" time="0.009" tests="1" errors="1" skipped="0" failures="0">
  <properties>
[...]
</properties>
  <testcase name="contextLoads" classname="com.beibei.bbmanage.BbmanageApplicationTests" time="0.009">
    <error message="Failed to load ApplicationContext" type="java.lang.IllegalStateException">java.lang.IllegalStateException: Failed to load ApplicationContext
	at org.springframework.test.context.cache.DefaultCacheAwareContextLoaderDelegate.loadContext(DefaultCacheAwareContextLoaderDelegate.java:124)
	at org.springframework.test.context.support.DefaultTestContext.getApplicationContext(DefaultTestContext.java:83)
	at org.springframework.test.context.web.ServletTestExecutionListener.setUpRequestContextIfNecessary(ServletTestExecutionListener.java:189)
	at org.springframework.test.context.web.ServletTestExecutionListener.prepareTestInstance(ServletTestExecutionListener.java:131)
	at org.springframework.test.context.TestContextManager.prepareTestInstance(TestContextManager.java:230)
	at org.springframework.test.context.junit4.SpringJUnit4ClassRunner.createTest(SpringJUnit4ClassRunner.java:228)
	at org.springframework.test.context.junit4.SpringJUnit4ClassRunner$1.runReflectiveCall(SpringJUnit4ClassRunner.java:287)
	at org.junit.internal.runners.model.ReflectiveCallable.run(ReflectiveCallable.java:12)
	at org.springframework.test.context.junit4.SpringJUnit4ClassRunner.methodBlock(SpringJUnit4ClassRunner.java:289)
	at org.springframework.test.context.junit4.SpringJUnit4ClassRunner.runChild(SpringJUnit4ClassRunner.java:247)
	at org.springframework.test.context.junit4.SpringJUnit4ClassRunner.runChild(SpringJUnit4ClassRunner.java:94)
	at org.junit.runners.ParentRunner$3.run(ParentRunner.java:290)
	at org.junit.runners.ParentRunner$1.schedule(ParentRunner.java:71)
	at org.junit.runners.ParentRunner.runChildren(ParentRunner.java:288)
	at org.junit.runners.ParentRunner.access$000(ParentRunner.java:58)
	at org.junit.runners.ParentRunner$2.evaluate(ParentRunner.java:268)
	at org.springframework.test.context.junit4.statements.RunBeforeTestClassCallbacks.evaluate(RunBeforeTestClassCallbacks.java:61)
	at org.springframework.test.context.junit4.statements.RunAfterTestClassCallbacks.evaluate(RunAfterTestClassCallbacks.java:70)
	at org.junit.runners.ParentRunner.run(ParentRunner.java:363)
	at org.springframework.test.context.junit4.SpringJUnit4ClassRunner.run(SpringJUnit4ClassRunner.java:191)
	at org.apache.maven.surefire.junit4.JUnit4Provider.execute(JUnit4Provider.java:283)
	at org.apache.maven.surefire.junit4.JUnit4Provider.executeWithRerun(JUnit4Provider.java:173)
	at org.apache.maven.surefire.junit4.JUnit4Provider.executeTestSet(JUnit4Provider.java:153)
	at org.apache.maven.surefire.junit4.JUnit4Provider.invoke(JUnit4Provider.java:128)
	at org.apache.maven.surefire.booter.ForkedBooter.invokeProviderInSameClassLoader(ForkedBooter.java:203)
	at org.apache.maven.surefire.booter.ForkedBooter.runSuitesInProcess(ForkedBooter.java:155)
	at org.apache.maven.surefire.booter.ForkedBooter.main(ForkedBooter.java:103)
Caused by: org.springframework.beans.factory.BeanCreationException: Error creating bean with name 'serverEndpointExporter' defined in class path resource [com/beibei/bbmanage/handler/WebSocketConfig.class]: Invocation of init method failed; nested exception is java.lang.IllegalStateException: javax.websocket.server.ServerContainer not available
	at org.springframework.beans.factory.support.AbstractAutowireCapableBeanFactory.initializeBean(AbstractAutowireCapableBeanFactory.java:1634)
	at org.springframework.beans.factory.support.AbstractAutowireCapableBeanFactory.doCreateBean(AbstractAutowireCapableBeanFactory.java:555)
	at org.springframework.beans.factory.support.AbstractAutowireCapableBeanFactory.createBean(AbstractAutowireCapableBeanFactory.java:483)
	at org.springframework.beans.factory.support.AbstractBeanFactory$1.getObject(AbstractBeanFactory.java:312)
	at org.springframework.beans.factory.support.DefaultSingletonBeanRegistry.getSingleton(DefaultSingletonBeanRegistry.java:230)
	at org.springframework.beans.factory.support.AbstractBeanFactory.doGetBean(AbstractBeanFactory.java:308)
	at org.springframework.beans.factory.support.AbstractBeanFactory.getBean(AbstractBeanFactory.java:197)
	at org.springframework.beans.factory.support.DefaultListableBeanFactory.preInstantiateSingletons(DefaultListableBeanFactory.java:761)
	at org.springframework.context.support.AbstractApplicationContext.finishBeanFactoryInitialization(AbstractApplicationContext.java:867)
	at org.springframework.context.support.AbstractApplicationContext.refresh(AbstractApplicationContext.java:543)
	at org.springframework.boot.SpringApplication.refresh(SpringApplication.java:693)
	at org.springframework.boot.SpringApplication.refreshContext(SpringApplication.java:360)
	at org.springframework.boot.SpringApplication.run(SpringApplication.java:303)
	at org.springframework.boot.test.context.SpringBootContextLoader.loadContext(SpringBootContextLoader.java:121)
	at org.springframework.test.context.cache.DefaultCacheAwareContextLoaderDelegate.loadContextInternal(DefaultCacheAwareContextLoaderDelegate.java:98)
	at org.springframework.test.context.cache.DefaultCacheAwareContextLoaderDelegate.loadContext(DefaultCacheAwareContextLoaderDelegate.java:116)
	at org.springframework.test.context.support.DefaultTestContext.getApplicationContext(DefaultTestContext.java:83)
	at org.springframework.test.context.web.ServletTestExecutionListener.setUpRequestContextIfNecessary(ServletTestExecutionListener.java:189)
	at org.springframework.test.context.web.ServletTestExecutionListener.prepareTestInstance(ServletTestExecutionListener.java:131)
	at org.springframework.test.context.TestContextManager.prepareTestInstance(TestContextManager.java:230)
	at org.springframework.test.context.junit4.SpringJUnit4ClassRunner.createTest(SpringJUnit4ClassRunner.java:228)
	at org.springframework.test.context.junit4.SpringJUnit4ClassRunner$1.runReflectiveCall(SpringJUnit4ClassRunner.java:287)
	at org.junit.internal.runners.model.ReflectiveCallable.run(ReflectiveCallable.java:12)
	at org.springframework.test.context.junit4.SpringJUnit4ClassRunner.methodBlock(SpringJUnit4ClassRunner.java:289)
	at org.springframework.test.context.junit4.SpringJUnit4ClassRunner.runChild(SpringJUnit4ClassRunner.java:247)
	at org.springframework.test.context.junit4.SpringJUnit4ClassRunner.runChild(SpringJUnit4ClassRunner.java:94)
	at org.junit.runners.ParentRunner$3.run(ParentRunner.java:290)
	at org.junit.runners.ParentRunner$1.schedule(ParentRunner.java:71)
	at org.junit.runners.ParentRunner.runChildren(ParentRunner.java:288)
	at org.junit.runners.ParentRunner.access$000(ParentRunner.java:58)
	at org.junit.runners.ParentRunner$2.evaluate(ParentRunner.java:268)
	at org.springframework.test.context.junit4.statements.RunBeforeTestClassCallbacks.evaluate(RunBeforeTestClassCallbacks.java:61)
	at org.springframework.test.context.junit4.statements.RunAfterTestClassCallbacks.evaluate(RunAfterTestClassCallbacks.java:70)
	at org.junit.runners.ParentRunner.run(ParentRunner.java:363)
	at org.springframework.test.context.junit4.SpringJUnit4ClassRunner.run(SpringJUnit4ClassRunner.java:191)
	at org.apache.maven.surefire.junit4.JUnit4Provider.execute(JUnit4Provider.java:283)
	at org.apache.maven.surefire.junit4.JUnit4Provider.executeWithRerun(JUnit4Provider.java:173)
	at org.apache.maven.surefire.junit4.JUnit4Provider.executeTestSet(JUnit4Provider.java:153)
	at org.apache.maven.surefire.junit4.JUnit4Provider.invoke(JUnit4Provider.java:128)
	at org.apache.maven.surefire.booter.ForkedBooter.invokeProviderInSameClassLoader(ForkedBooter.java:203)
	at org.apache.maven.surefire.booter.ForkedBooter.runSuitesInProcess(ForkedBooter.java:155)
	at org.apache.maven.surefire.booter.ForkedBooter.main(ForkedBooter.java:103)
Caused by: java.lang.IllegalStateException: javax.websocket.server.ServerContainer not available
	at org.springframework.util.Assert.state(Assert.java:70)
	at org.springframework.web.socket.server.standard.ServerEndpointExporter.afterPropertiesSet(ServerEndpointExporter.java:102)
	at org.springframework.beans.factory.support.AbstractAutowireCapableBeanFactory.invokeInitMethods(AbstractAutowireCapableBeanFactory.java:1692)
	at org.springframework.beans.factory.support.AbstractAutowireCapableBeanFactory.initializeBean(AbstractAutowireCapableBeanFactory.java:1630)
	at org.springframework.beans.factory.support.AbstractAutowireCapableBeanFactory.doCreateBean(AbstractAutowireCapableBeanFactory.java:555)
	at org.springframework.beans.factory.support.AbstractAutowireCapableBeanFactory.createBean(AbstractAutowireCapableBeanFactory.java:483)
	at org.springframework.beans.factory.support.AbstractBeanFactory$1.getObject(AbstractBeanFactory.java:312)
	at org.springframework.beans.factory.support.DefaultSingletonBeanRegistry.getSingleton(DefaultSingletonBeanRegistry.java:230)
	at org.springframework.beans.factory.support.AbstractBeanFactory.doGetBean(AbstractBeanFactory.java:308)
	at org.springframework.beans.factory.support.AbstractBeanFactory.getBean(AbstractBeanFactory.java:197)
	at org.springframework.beans.factory.support.DefaultListableBeanFactory.preInstantiateSingletons(DefaultListableBeanFactory.java:761)
	at org.springframework.context.support.AbstractApplicationContext.finishBeanFactoryInitialization(AbstractApplicationContext.java:867)
	at org.springframework.context.support.AbstractApplicationContext.refresh(AbstractApplicationContext.java:543)
	at org.springframework.boot.SpringApplication.refresh(SpringApplication.java:693)
	at org.springframework.boot.SpringApplication.refreshContext(SpringApplication.java:360)
	at org.springframework.boot.SpringApplication.run(SpringApplication.java:303)
	at org.springframework.boot.test.context.SpringBootContextLoader.loadContext(SpringBootContextLoader.java:121)
	at org.springframework.test.context.cache.DefaultCacheAwareContextLoaderDelegate.loadContextInternal(DefaultCacheAwareContextLoaderDelegate.java:98)
	at org.springframework.test.context.cache.DefaultCacheAwareContextLoaderDelegate.loadContext(DefaultCacheAwareContextLoaderDelegate.java:116)
	at org.springframework.test.context.support.DefaultTestContext.getApplicationContext(DefaultTestContext.java:83)
	at org.springframework.test.context.web.ServletTestExecutionListener.setUpRequestContextIfNecessary(ServletTestExecutionListener.java:189)
	at org.springframework.test.context.web.ServletTestExecutionListener.prepareTestInstance(ServletTestExecutionListener.java:131)
	at org.springframework.test.context.TestContextManager.prepareTestInstance(TestContextManager.java:230)
	at org.springframework.test.context.junit4.SpringJUnit4ClassRunner.createTest(SpringJUnit4ClassRunner.java:228)
	at org.springframework.test.context.junit4.SpringJUnit4ClassRunner$1.runReflectiveCall(SpringJUnit4ClassRunner.java:287)
	at org.junit.internal.runners.model.ReflectiveCallable.run(ReflectiveCallable.java:12)
	at org.springframework.test.context.junit4.SpringJUnit4ClassRunner.methodBlock(SpringJUnit4ClassRunner.java:289)
	at org.springframework.test.context.junit4.SpringJUnit4ClassRunner.runChild(SpringJUnit4ClassRunner.java:247)
	at org.springframework.test.context.junit4.SpringJUnit4ClassRunner.runChild(SpringJUnit4ClassRunner.java:94)
	at org.junit.runners.ParentRunner$3.run(ParentRunner.java:290)
	at org.junit.runners.ParentRunner$1.schedule(ParentRunner.java:71)
	at org.junit.runners.ParentRunner.runChildren(ParentRunner.java:288)
	at org.junit.runners.ParentRunner.access$000(ParentRunner.java:58)
	at org.junit.runners.ParentRunner$2.evaluate(ParentRunner.java:268)
	at org.springframework.test.context.junit4.statements.RunBeforeTestClassCallbacks.evaluate(RunBeforeTestClassCallbacks.java:61)
	at org.springframework.test.context.junit4.statements.RunAfterTestClassCallbacks.evaluate(RunAfterTestClassCallbacks.java:70)
	at org.junit.runners.ParentRunner.run(ParentRunner.java:363)
	at org.springframework.test.context.junit4.SpringJUnit4ClassRunner.run(SpringJUnit4ClassRunner.java:191)
	at org.apache.maven.surefire.junit4.JUnit4Provider.execute(JUnit4Provider.java:283)
	at org.apache.maven.surefire.junit4.JUnit4Provider.executeWithRerun(JUnit4Provider.java:173)
	at org.apache.maven.surefire.junit4.JUnit4Provider.executeTestSet(JUnit4Provider.java:153)
	at org.apache.maven.surefire.junit4.JUnit4Provider.invoke(JUnit4Provider.java:128)
	at org.apache.maven.surefire.booter.ForkedBooter.invokeProviderInSameClassLoader(ForkedBooter.java:203)
	at org.apache.maven.surefire.booter.ForkedBooter.runSuitesInProcess(ForkedBooter.java:155)
	at org.apache.maven.surefire.booter.ForkedBooter.main(ForkedBooter.java:103)
</error>
    <system-out><![CDATA[17:01:36.292 [main] DEBUG org.springframework.test.context.junit4.SpringJUnit4ClassRunner - SpringJUnit4ClassRunner constructor called with [class com.beibei.bbmanage.BbmanageApplicationTests]
17:01:36.299 [main] DEBUG org.springframework.test.context.BootstrapUtils - Instantiating CacheAwareContextLoaderDelegate from class [org.springframework.test.context.cache.DefaultCacheAwareContextLoaderDelegate]
17:01:36.308 [main] DEBUG org.springframework.test.context.BootstrapUtils - Instantiating BootstrapContext using constructor [public org.springframework.test.context.support.DefaultBootstrapContext(java.lang.Class,org.springframework.test.context.CacheAwareContextLoaderDelegate)]
17:01:36.327 [main] DEBUG org.springframework.test.context.BootstrapUtils - Instantiating TestContextBootstrapper for test class [com.beibei.bbmanage.BbmanageApplicationTests] from class [org.springframework.boot.test.context.SpringBootTestContextBootstrapper]
17:01:36.348 [main] INFO org.springframework.boot.test.context.SpringBootTestContextBootstrapper - Neither @ContextConfiguration nor @ContextHierarchy found for test class [com.beibei.bbmanage.BbmanageApplicationTests], using SpringBootContextLoader
17:01:36.351 [main] DEBUG org.springframework.test.context.support.AbstractContextLoader - Did not detect default resource location for test class [com.beibei.bbmanage.BbmanageApplicationTests]: class path resource [com/beibei/bbmanage/BbmanageApplicationTests-context.xml] does not exist
17:01:36.352 [main] DEBUG org.springframework.test.context.support.AbstractContextLoader - Did not detect default resource location for test class [com.beibei.bbmanage.BbmanageApplicationTests]: class path resource [com/beibei/bbmanage/BbmanageApplicationTestsContext.groovy] does not exist
17:01:36.352 [main] INFO org.springframework.test.context.support.AbstractContextLoader - Could not detect default resource locations for test class [com.beibei.bbmanage.BbmanageApplicationTests]: no resource found for suffixes {-context.xml, Context.groovy}.
17:01:36.353 [main] INFO org.springframework.test.context.support.AnnotationConfigContextLoaderUtils - Could not detect default configuration classes for test class [com.beibei.bbmanage.BbmanageApplicationTests]: BbmanageApplicationTests does not declare any static, non-private, non-final, nested classes annotated with @Configuration.
17:01:36.395 [main] DEBUG org.springframework.test.context.support.ActiveProfilesUtils - Could not find an 'annotation declaring class' for annotation type [org.springframework.test.context.ActiveProfiles] and class [com.beibei.bbmanage.BbmanageApplicationTests]
17:01:36.404 [main] DEBUG org.springframework.core.env.StandardEnvironment - Adding PropertySource 'systemProperties' with lowest search precedence
17:01:36.405 [main] DEBUG org.springframework.core.env.StandardEnvironment - Adding PropertySource 'systemEnvironment' with lowest search precedence
17:01:36.406 [main] DEBUG org.springframework.core.env.StandardEnvironment - Initialized StandardEnvironment with PropertySources [MapPropertySource@640363654 {name='systemProperties', properties={idea.version=2018.1.4, java.runtime.name=Java(TM) SE Runtime Environment, sun.boot.library.path=/Library/Java/JavaVirtualMachines/jdk1.8.0_111.jdk/Contents/Home/jre/lib, java.vm.version=25.111-b14, gopherProxySet=false, java.vm.vendor=Oracle Corporation, java.vendor.url=http://java.oracle.com/, path.separator=:, java.vm.name=Java HotSpot(TM) 64-Bit Server VM, file.encoding.pkg=sun.io, user.country=CN, sun.java.launcher=SUN_STANDARD, sun.os.patch.level=unknown, java.vm.specification.name=Java Virtual Machine Specification, user.dir=/Users/haohao/Desktop/Mr Hao/WHJava/2.自己学习的demo/bbmanage, java.runtime.version=1.8.0_111-b14, basedir=/Users/haohao/Desktop/Mr Hao/WHJava/2.自己学习的demo/bbmanage, java.awt.graphicsenv=sun.awt.CGraphicsEnvironment, java.endorsed.dirs=/Library/Java/JavaVirtualMachines/jdk1.8.0_111.jdk/Contents/Home/jre/lib/endorsed, os.arch=x86_64, surefire.real.class.path=/Users/haohao/Desktop/Mr Hao/WHJava/2.自己学习的demo/bbmanage/target/surefire/surefirebooter6701324396916957564.jar, java.io.tmpdir=/var/folders/qs/x9wd415x40b_jc_wwsj65px80000gn/T/, line.separator=
, java.vm.specification.vendor=Oracle Corporation, os.name=Mac OS X, sun.jnu.encoding=UTF-8, java.library.path=/Users/haohao/Library/Java/Extensions:/Library/Java/Extensions:/Network/Library/Java/Extensions:/System/Library/Java/Extensions:/usr/lib/java:., surefire.test.class.path=/Users/haohao/Desktop/Mr Hao/WHJava/2.自己学习的demo/bbmanage/target/test-classes:/Users/haohao/Desktop/Mr Hao/WHJava/2.自己学习的demo/bbmanage/target/classes:/Users/haohao/.m2/repository/org/springframework/boot/spring-boot-starter-data-jpa/1.5.15.RELEASE/spring-boot-starter-data-jpa-1.5.15.RELEASE.jar:/Users/haohao/.m2/repository/org/springframework/boot/spring-boot-starter/1.5.15.RELEASE/spring-boot-starter-1.5.15.RELEASE.jar:/Users/haohao/.m2/repository/org/springframework/boot/spring-boot/1.5.15.RELEASE/spring-boot-1.5.15.RELEASE.jar:/Users/haohao/.m2/repository/org/springframework/boot/spring-boot-autoconfigure/1.5.15.RELEASE/spring-boot-autoconfigure-1.5.15.RELEASE.jar:/Users/haohao/.m2/repository/org/springframework/boot/spring-boot-starter-logging/1.5.15.RELEASE/spring-boot-starter-logging-1.5.15.RELEASE.jar:/Users/haohao/.m2/repository/ch/qos/logback/logback-classic/1.1.11/logback-classic-1.1.11.jar:/Users/haohao/.m2/repository/ch/qos/logback/logback-core/1.1.11/logback-core-1.1.11.jar:/Users/haohao/.m2/repository/org/slf4j/jul-to-slf4j/1.7.25/jul-to-slf4j-1.7.25.jar:/Users/haohao/.m2/repository/org/slf4j/log4j-over-slf4j/1.7.25/log4j-over-slf4j-1.7.25.jar:/Users/haohao/.m2/repository/org/yaml/snakeyaml/1.17/snakeyaml-1.17.jar:/Users/haohao/.m2/repository/org/springframework/boot/spring-boot-starter-aop/1.5.15.RELEASE/spring-boot-starter-aop-1.5.15.RELEASE.jar:/Users/haohao/.m2/repository/org/aspectj/aspectjweaver/1.8.13/aspectjweaver-1.8.13.jar:/Users/haohao/.m2/repository/org/hibernate/hibernate-core/5.0.12.Final/hibernate-core-5.0.12.Final.jar:/Users/haohao/.m2/repository/org/jboss/logging/jboss-logging/3.3.2.Final/jboss-logging-3.3.2.Final.jar:/Users/haohao/.m2/repository/org/hibernate/javax/persistence/hibernate-jpa-2.1-api/1.0.0.Final/hibernate-jpa-2.1-api-1.0.0.Final.jar:/Users/haohao/.m2/repository/org/javassist/javassist/3.21.0-GA/javassist-3.21.0-GA.jar:/Users/haohao/.m2/repository/antlr/antlr/2.7.7/antlr-2.7.7.jar:/Users/haohao/.m2/repository/org/jboss/jandex/2.0.0.Final/jandex-2.0.0.Final.jar:/Users/haohao/.m2/repository/org/hibernate/common/hibernate-commons-annotations/5.0.1.Final/hibernate-commons-annotations-5.0.1.Final.jar:/Users/haohao/.m2/repository/org/hibernate/hibernate-entitymanager/5.0.12.Final/hibernate-entitymanager-5.0.12.Final.jar:/Users/haohao/.m2/repository/javax/transaction/javax.transaction-api/1.2/javax.transaction-api-1.2.jar:/Users/haohao/.m2/repository/org/springframework/data/spring-data-jpa/1.11.14.RELEASE/spring-data-jpa-1.11.14.RELEASE.jar:/Users/haohao/.m2/repository/org/springframework/data/spring-data-commons/1.13.14.RELEASE/spring-data-commons-1.13.14.RELEASE.jar:/Users/haohao/.m2/repository/org/springframework/spring-orm/4.3.18.RELEASE/spring-orm-4.3.18.RELEASE.jar:/Users/haohao/.m2/repository/org/springframework/spring-context/4.3.18.RELEASE/spring-context-4.3.18.RELEASE.jar:/Users/haohao/.m2/repository/org/springframework/spring-tx/4.3.18.RELEASE/spring-tx-4.3.18.RELEASE.jar:/Users/haohao/.m2/repository/org/springframework/spring-beans/4.3.18.RELEASE/spring-beans-4.3.18.RELEASE.jar:/Users/haohao/.m2/repository/org/slf4j/slf4j-api/1.7.25/slf4j-api-1.7.25.jar:/Users/haohao/.m2/repository/org/slf4j/jcl-over-slf4j/1.7.25/jcl-over-slf4j-1.7.25.jar:/Users/haohao/.m2/repository/org/springframework/spring-aspects/4.3.18.RELEASE/spring-aspects-4.3.18.RELEASE.jar:/Users/haohao/.m2/repository/org/springframework/boot/spring-boot-starter-data-redis/1.5.15.RELEASE/spring-boot-starter-data-redis-1.5.15.RELEASE.jar:/Users/haohao/.m2/repository/org/springframework/data/spring-data-redis/1.8.14.RELEASE/spring-data-redis-1.8.14.RELEASE.jar:/Users/haohao/.m2/repository/org/springframework/data/spring-data-keyvalue/1.2.14.RELEASE/spring-data-keyvalue-1.2.14.RELEASE.jar:/Users/haohao/.m2/repository/org/springframework/spring-oxm/4.3.18.RELEASE/spring-oxm-4.3.18.RELEASE.jar:/Users/haohao/.m2/repository/org/springframework/spring-context-support/4.3.18.RELEASE/spring-context-support-4.3.18.RELEASE.jar:/Users/haohao/.m2/repository/redis/clients/jedis/2.9.0/jedis-2.9.0.jar:/Users/haohao/.m2/repository/org/apache/commons/commons-pool2/2.4.3/commons-pool2-2.4.3.jar:/Users/haohao/.m2/repository/org/springframework/boot/spring-boot-starter-jdbc/1.5.15.RELEASE/spring-boot-starter-jdbc-1.5.15.RELEASE.jar:/Users/haohao/.m2/repository/org/apache/tomcat/tomcat-jdbc/8.5.32/tomcat-jdbc-8.5.32.jar:/Users/haohao/.m2/repository/org/apache/tomcat/tomcat-juli/8.5.32/tomcat-juli-8.5.32.jar:/Users/haohao/.m2/repository/org/springframework/spring-jdbc/4.3.18.RELEASE/spring-jdbc-4.3.18.RELEASE.jar:/Users/haohao/.m2/repository/org/springframework/boot/spring-boot-starter-security/1.5.15.RELEASE/spring-boot-starter-security-1.5.15.RELEASE.jar:/Users/haohao/.m2/repository/org/springframework/spring-aop/4.3.18.RELEASE/spring-aop-4.3.18.RELEASE.jar:/Users/haohao/.m2/repository/org/springframework/security/spring-security-config/4.2.7.RELEASE/spring-security-config-4.2.7.RELEASE.jar:/Users/haohao/.m2/repository/org/springframework/security/spring-security-web/4.2.7.RELEASE/spring-security-web-4.2.7.RELEASE.jar:/Users/haohao/.m2/repository/org/springframework/spring-expression/4.3.18.RELEASE/spring-expression-4.3.18.RELEASE.jar:/Users/haohao/.m2/repository/org/springframework/boot/spring-boot-starter-thymeleaf/1.5.15.RELEASE/spring-boot-starter-thymeleaf-1.5.15.RELEASE.jar:/Users/haohao/.m2/repository/org/thymeleaf/thymeleaf-spring4/2.1.6.RELEASE/thymeleaf-spring4-2.1.6.RELEASE.jar:/Users/haohao/.m2/repository/org/thymeleaf/thymeleaf/2.1.6.RELEASE/thymeleaf-2.1.6.RELEASE.jar:/Users/haohao/.m2/repository/ognl/ognl/3.0.8/ognl-3.0.8.jar:/Users/haohao/.m2/repository/org/unbescape/unbescape/1.1.0.RELEASE/unbescape-1.1.0.RELEASE.jar:/Users/haohao/.m2/repository/nz/net/ultraq/thymeleaf/thymeleaf-layout-dialect/1.4.0/thymeleaf-layout-dialect-1.4.0.jar:/Users/haohao/.m2/repository/org/codehaus/groovy/groovy/2.4.15/groovy-2.4.15.jar:/Users/haohao/.m2/repository/org/springframework/boot/spring-boot-starter-web/1.5.15.RELEASE/spring-boot-starter-web-1.5.15.RELEASE.jar:/Users/haohao/.m2/repository/org/hibernate/hibernate-validator/5.3.6.Final/hibernate-validator-5.3.6.Final.jar:/Users/haohao/.m2/repository/javax/validation/validation-api/1.1.0.Final/validation-api-1.1.0.Final.jar:/Users/haohao/.m2/repository/com/fasterxml/classmate/1.3.4/classmate-1.3.4.jar:/Users/haohao/.m2/repository/com/fasterxml/jackson/core/jackson-databind/2.8.11.2/jackson-databind-2.8.11.2.jar:/Users/haohao/.m2/repository/com/fasterxml/jackson/core/jackson-annotations/2.8.0/jackson-annotations-2.8.0.jar:/Users/haohao/.m2/repository/com/fasterxml/jackson/core/jackson-core/2.8.11/jackson-core-2.8.11.jar:/Users/haohao/.m2/repository/org/springframework/spring-web/4.3.18.RELEASE/spring-web-4.3.18.RELEASE.jar:/Users/haohao/.m2/repository/org/springframework/spring-webmvc/4.3.18.RELEASE/spring-webmvc-4.3.18.RELEASE.jar:/Users/haohao/.m2/repository/org/springframework/boot/spring-boot-starter-tomcat/1.5.15.RELEASE/spring-boot-starter-tomcat-1.5.15.RELEASE.jar:/Users/haohao/.m2/repository/org/apache/tomcat/embed/tomcat-embed-core/8.5.32/tomcat-embed-core-8.5.32.jar:/Users/haohao/.m2/repository/org/apache/tomcat/tomcat-annotations-api/8.5.32/tomcat-annotations-api-8.5.32.jar:/Users/haohao/.m2/repository/org/apache/tomcat/embed/tomcat-embed-el/8.5.32/tomcat-embed-el-8.5.32.jar:/Users/haohao/.m2/repository/org/apache/tomcat/embed/tomcat-embed-websocket/8.5.32/tomcat-embed-websocket-8.5.32.jar:/Users/haohao/.m2/repository/mysql/mysql-connector-java/5.1.46/mysql-connector-java-5.1.46.jar:/Users/haohao/.m2/repository/org/springframework/boot/spring-boot-starter-test/1.5.15.RELEASE/spring-boot-starter-test-1.5.15.RELEASE.jar:/Users/haohao/.m2/repository/org/springframework/boot/spring-boot-test/1.5.15.RELEASE/spring-boot-test-1.5.15.RELEASE.jar:/Users/haohao/.m2/repository/org/springframework/boot/spring-boot-test-autoconfigure/1.5.15.RELEASE/spring-boot-test-autoconfigure-1.5.15.RELEASE.jar:/Users/haohao/.m2/repository/com/jayway/jsonpath/json-path/2.2.0/json-path-2.2.0.jar:/Users/haohao/.m2/repository/net/minidev/json-smart/2.2.1/json-smart-2.2.1.jar:/Users/haohao/.m2/repository/net/minidev/accessors-smart/1.1/accessors-smart-1.1.jar:/Users/haohao/.m2/repository/org/ow2/asm/asm/5.0.3/asm-5.0.3.jar:/Users/haohao/.m2/repository/junit/junit/4.12/junit-4.12.jar:/Users/haohao/.m2/repository/org/assertj/assertj-core/2.6.0/assertj-core-2.6.0.jar:/Users/haohao/.m2/repository/org/mockito/mockito-core/1.10.19/mockito-core-1.10.19.jar:/Users/haohao/.m2/repository/org/objenesis/objenesis/2.1/objenesis-2.1.jar:/Users/haohao/.m2/repository/org/hamcrest/hamcrest-core/1.3/hamcrest-core-1.3.jar:/Users/haohao/.m2/repository/org/hamcrest/hamcrest-library/1.3/hamcrest-library-1.3.jar:/Users/haohao/.m2/repository/org/skyscreamer/jsonassert/1.4.0/jsonassert-1.4.0.jar:/Users/haohao/.m2/repository/com/vaadin/external/google/android-json/0.0.20131108.vaadin1/android-json-0.0.20131108.vaadin1.jar:/Users/haohao/.m2/repository/org/springframework/spring-core/4.3.18.RELEASE/spring-core-4.3.18.RELEASE.jar:/Users/haohao/.m2/repository/org/springframework/spring-test/4.3.18.RELEASE/spring-test-4.3.18.RELEASE.jar:/Users/haohao/.m2/repository/org/springframework/security/spring-security-test/4.2.7.RELEASE/spring-security-test-4.2.7.RELEASE.jar:/Users/haohao/.m2/repository/org/springframework/security/spring-security-core/4.2.7.RELEASE/spring-security-core-4.2.7.RELEASE.jar:/Users/haohao/.m2/repository/aopalliance/aopalliance/1.0/aopalliance-1.0.jar:/Users/haohao/.m2/repository/com/alibaba/druid/1.1.10/druid-1.1.10.jar:/Users/haohao/.m2/repository/org/json/json/20140107/json-20140107.jar:/Users/haohao/.m2/repository/com/qiniu/qiniu-java-sdk/7.2.17/qiniu-java-sdk-7.2.17.jar:/Users/haohao/.m2/repository/com/squareup/okhttp3/okhttp/3.9.1/okhttp-3.9.1.jar:/Users/haohao/.m2/repository/com/squareup/okio/okio/1.13.0/okio-1.13.0.jar:/Users/haohao/.m2/repository/com/google/code/gson/gson/2.8.5/gson-2.8.5.jar:/Users/haohao/.m2/repository/org/springframework/boot/spring-boot-starter-activemq/1.4.3.RELEASE/spring-boot-starter-activemq-1.4.3.RELEASE.jar:/Users/haohao/.m2/repository/org/springframework/spring-jms/4.3.18.RELEASE/spring-jms-4.3.18.RELEASE.jar:/Users/haohao/.m2/repository/org/apache/activemq/activemq-broker/5.14.5/activemq-broker-5.14.5.jar:/Users/haohao/.m2/repository/org/apache/activemq/activemq-client/5.14.5/activemq-client-5.14.5.jar:/Users/haohao/.m2/repository/org/apache/geronimo/specs/geronimo-jms_1.1_spec/1.1.1/geronimo-jms_1.1_spec-1.1.1.jar:/Users/haohao/.m2/repository/org/fusesource/hawtbuf/hawtbuf/1.11/hawtbuf-1.11.jar:/Users/haohao/.m2/repository/org/apache/geronimo/specs/geronimo-j2ee-management_1.1_spec/1.0.1/geronimo-j2ee-management_1.1_spec-1.0.1.jar:/Users/haohao/.m2/repository/org/apache/activemq/activemq-openwire-legacy/5.14.5/activemq-openwire-legacy-5.14.5.jar:/Users/haohao/.m2/repository/org/apache/httpcomponents/httpclient/4.4.1/httpclient-4.4.1.jar:/Users/haohao/.m2/repository/org/apache/httpcomponents/httpcore/4.4.10/httpcore-4.4.10.jar:/Users/haohao/.m2/repository/commons-codec/commons-codec/1.10/commons-codec-1.10.jar:/Users/haohao/.m2/repository/com/alibaba/fastjson/1.2.15/fastjson-1.2.15.jar:/Users/haohao/.m2/repository/org/apache/poi/poi-ooxml/3.9/poi-ooxml-3.9.jar:/Users/haohao/.m2/repository/org/apache/poi/poi/3.9/poi-3.9.jar:/Users/haohao/.m2/repository/org/apache/poi/poi-ooxml-schemas/3.9/poi-ooxml-schemas-3.9.jar:/Users/haohao/.m2/repository/org/apache/xmlbeans/xmlbeans/2.3.0/xmlbeans-2.3.0.jar:/Users/haohao/.m2/repository/stax/stax-api/1.0.1/stax-api-1.0.1.jar:/Users/haohao/.m2/repository/dom4j/dom4j/1.6.1/dom4j-1.6.1.jar:/Users/haohao/.m2/repository/xml-apis/xml-apis/1.4.01/xml-apis-1.4.01.jar:/Users/haohao/.m2/repository/org/springframework/boot/spring-boot-starter-websocket/1.3.5.RELEASE/spring-boot-starter-websocket-1.3.5.RELEASE.jar:/Users/haohao/.m2/repository/org/springframework/spring-messaging/4.3.18.RELEASE/spring-messaging-4.3.18.RELEASE.jar:/Users/haohao/.m2/repository/org/springframework/spring-websocket/4.3.18.RELEASE/spring-websocket-4.3.18.RELEASE.jar:/Users/haohao/.m2/repository/org/bouncycastle/bcprov-ext-jdk16/1.46/bcprov-ext-jdk16-1.46.jar:, java.specification.name=Java Platform API Specification, java.class.version=52.0, sun.management.compiler=HotSpot 64-Bit Tiered Compilers, os.version=10.14.1, user.home=/Users/haohao, user.timezone=Asia/Shanghai, java.awt.printerjob=sun.lwawt.macosx.CPrinterJob, file.encoding=UTF-8, java.specification.version=1.8, java.class.path=/Users/haohao/Desktop/Mr Hao/WHJava/2.自己学习的demo/bbmanage/target/test-classes:/Users/haohao/Desktop/Mr Hao/WHJava/2.自己学习的demo/bbmanage/target/classes:/Users/haohao/.m2/repository/org/springframework/boot/spring-boot-starter-data-jpa/1.5.15.RELEASE/spring-boot-starter-data-jpa-1.5.15.RELEASE.jar:/Users/haohao/.m2/repository/org/springframework/boot/spring-boot-starter/1.5.15.RELEASE/spring-boot-starter-1.5.15.RELEASE.jar:/Users/haohao/.m2/repository/org/springframework/boot/spring-boot/1.5.15.RELEASE/spring-boot-1.5.15.RELEASE.jar:/Users/haohao/.m2/repository/org/springframework/boot/spring-boot-autoconfigure/1.5.15.RELEASE/spring-boot-autoconfigure-1.5.15.RELEASE.jar:/Users/haohao/.m2/repository/org/springframework/boot/spring-boot-starter-logging/1.5.15.RELEASE/spring-boot-starter-logging-1.5.15.RELEASE.jar:/Users/haohao/.m2/repository/ch/qos/logback/logback-classic/1.1.11/logback-classic-1.1.11.jar:/Users/haohao/.m2/repository/ch/qos/logback/logback-core/1.1.11/logback-core-1.1.11.jar:/Users/haohao/.m2/repository/org/slf4j/jul-to-slf4j/1.7.25/jul-to-slf4j-1.7.25.jar:/Users/haohao/.m2/repository/org/slf4j/log4j-over-slf4j/1.7.25/log4j-over-slf4j-1.7.25.jar:/Users/haohao/.m2/repository/org/yaml/snakeyaml/1.17/snakeyaml-1.17.jar:/Users/haohao/.m2/repository/org/springframework/boot/spring-boot-starter-aop/1.5.15.RELEASE/spring-boot-starter-aop-1.5.15.RELEASE.jar:/Users/haohao/.m2/repository/org/aspectj/aspectjweaver/1.8.13/aspectjweaver-1.8.13.jar:/Users/haohao/.m2/repository/org/hibernate/hibernate-core/5.0.12.Final/hibernate-core-5.0.12.Final.jar:/Users/haohao/.m2/repository/org/jboss/logging/jboss-logging/3.3.2.Final/jboss-logging-3.3.2.Final.jar:/Users/haohao/.m2/repository/org/hibernate/javax/persistence/hibernate-jpa-2.1-api/1.0.0.Final/hibernate-jpa-2.1-api-1.0.0.Final.jar:/Users/haohao/.m2/repository/org/javassist/javassist/3.21.0-GA/javassist-3.21.0-GA.jar:/Users/haohao/.m2/repository/antlr/antlr/2.7.7/antlr-2.7.7.jar:/Users/haohao/.m2/repository/org/jboss/jandex/2.0.0.Final/jandex-2.0.0.Final.jar:/Users/haohao/.m2/repository/org/hibernate/common/hibernate-commons-annotations/5.0.1.Final/hibernate-commons-annotations-5.0.1.Final.jar:/Users/haohao/.m2/repository/org/hibernate/hibernate-entitymanager/5.0.12.Final/hibernate-entitymanager-5.0.12.Final.jar:/Users/haohao/.m2/repository/javax/transaction/javax.transaction-api/1.2/javax.transaction-api-1.2.jar:/Users/haohao/.m2/repository/org/springframework/data/spring-data-jpa/1.11.14.RELEASE/spring-data-jpa-1.11.14.RELEASE.jar:/Users/haohao/.m2/repository/org/springframework/data/spring-data-commons/1.13.14.RELEASE/spring-data-commons-1.13.14.RELEASE.jar:/Users/haohao/.m2/repository/org/springframework/spring-orm/4.3.18.RELEASE/spring-orm-4.3.18.RELEASE.jar:/Users/haohao/.m2/repository/org/springframework/spring-context/4.3.18.RELEASE/spring-context-4.3.18.RELEASE.jar:/Users/haohao/.m2/repository/org/springframework/spring-tx/4.3.18.RELEASE/spring-tx-4.3.18.RELEASE.jar:/Users/haohao/.m2/repository/org/springframework/spring-beans/4.3.18.RELEASE/spring-beans-4.3.18.RELEASE.jar:/Users/haohao/.m2/repository/org/slf4j/slf4j-api/1.7.25/slf4j-api-1.7.25.jar:/Users/haohao/.m2/repository/org/slf4j/jcl-over-slf4j/1.7.25/jcl-over-slf4j-1.7.25.jar:/Users/haohao/.m2/repository/org/springframework/spring-aspects/4.3.18.RELEASE/spring-aspects-4.3.18.RELEASE.jar:/Users/haohao/.m2/repository/org/springframework/boot/spring-boot-starter-data-redis/1.5.15.RELEASE/spring-boot-starter-data-redis-1.5.15.RELEASE.jar:/Users/haohao/.m2/repository/org/springframework/data/spring-data-redis/1.8.14.RELEASE/spring-data-redis-1.8.14.RELEASE.jar:/Users/haohao/.m2/repository/org/springframework/data/spring-data-keyvalue/1.2.14.RELEASE/spring-data-keyvalue-1.2.14.RELEASE.jar:/Users/haohao/.m2/repository/org/springframework/spring-oxm/4.3.18.RELEASE/spring-oxm-4.3.18.RELEASE.jar:/Users/haohao/.m2/repository/org/springframework/spring-context-support/4.3.18.RELEASE/spring-context-support-4.3.18.RELEASE.jar:/Users/haohao/.m2/repository/redis/clients/jedis/2.9.0/jedis-2.9.0.jar:/Users/haohao/.m2/repository/org/apache/commons/commons-pool2/2.4.3/commons-pool2-2.4.3.jar:/Users/haohao/.m2/repository/org/springframework/boot/spring-boot-starter-jdbc/1.5.15.RELEASE/spring-boot-starter-jdbc-1.5.15.RELEASE.jar:/Users/haohao/.m2/repository/org/apache/tomcat/tomcat-jdbc/8.5.32/tomcat-jdbc-8.5.32.jar:/Users/haohao/.m2/repository/org/apache/tomcat/tomcat-juli/8.5.32/tomcat-juli-8.5.32.jar:/Users/haohao/.m2/repository/org/springframework/spring-jdbc/4.3.18.RELEASE/spring-jdbc-4.3.18.RELEASE.jar:/Users/haohao/.m2/repository/org/springframework/boot/spring-boot-starter-security/1.5.15.RELEASE/spring-boot-starter-security-1.5.15.RELEASE.jar:/Users/haohao/.m2/repository/org/springframework/spring-aop/4.3.18.RELEASE/spring-aop-4.3.18.RELEASE.jar:/Users/haohao/.m2/repository/org/springframework/security/spring-security-config/4.2.7.RELEASE/spring-security-config-4.2.7.RELEASE.jar:/Users/haohao/.m2/repository/org/springframework/security/spring-security-web/4.2.7.RELEASE/spring-security-web-4.2.7.RELEASE.jar:/Users/haohao/.m2/repository/org/springframework/spring-expression/4.3.18.RELEASE/spring-expression-4.3.18.RELEASE.jar:/Users/haohao/.m2/repository/org/springframework/boot/spring-boot-starter-thymeleaf/1.5.15.RELEASE/spring-boot-starter-thymeleaf-1.5.15.RELEASE.jar:/Users/haohao/.m2/repository/org/thymeleaf/thymeleaf-spring4/2.1.6.RELEASE/thymeleaf-spring4-2.1.6.RELEASE.jar:/Users/haohao/.m2/repository/org/thymeleaf/thymeleaf/2.1.6.RELEASE/thymeleaf-2.1.6.RELEASE.jar:/Users/haohao/.m2/repository/ognl/ognl/3.0.8/ognl-3.0.8.jar:/Users/haohao/.m2/repository/org/unbescape/unbescape/1.1.0.RELEASE/unbescape-1.1.0.RELEASE.jar:/Users/haohao/.m2/repository/nz/net/ultraq/thymeleaf/thymeleaf-layout-dialect/1.4.0/thymeleaf-layout-dialect-1.4.0.jar:/Users/haohao/.m2/repository/org/codehaus/groovy/groovy/2.4.15/groovy-2.4.15.jar:/Users/haohao/.m2/repository/org/springframework/boot/spring-boot-starter-web/1.5.15.RELEASE/spring-boot-starter-web-1.5.15.RELEASE.jar:/Users/haohao/.m2/repository/org/hibernate/hibernate-validator/5.3.6.Final/hibernate-validator-5.3.6.Final.jar:/Users/haohao/.m2/repository/javax/validation/validation-api/1.1.0.Final/validation-api-1.1.0.Final.jar:/Users/haohao/.m2/repository/com/fasterxml/classmate/1.3.4/classmate-1.3.4.jar:/Users/haohao/.m2/repository/com/fasterxml/jackson/core/jackson-databind/2.8.11.2/jackson-databind-2.8.11.2.jar:/Users/haohao/.m2/repository/com/fasterxml/jackson/core/jackson-annotations/2.8.0/jackson-annotations-2.8.0.jar:/Users/haohao/.m2/repository/com/fasterxml/jackson/core/jackson-core/2.8.11/jackson-core-2.8.11.jar:/Users/haohao/.m2/repository/org/springframework/spring-web/4.3.18.RELEASE/spring-web-4.3.18.RELEASE.jar:/Users/haohao/.m2/repository/org/springframework/spring-webmvc/4.3.18.RELEASE/spring-webmvc-4.3.18.RELEASE.jar:/Users/haohao/.m2/repository/org/springframework/boot/spring-boot-starter-tomcat/1.5.15.RELEASE/spring-boot-starter-tomcat-1.5.15.RELEASE.jar:/Users/haohao/.m2/repository/org/apache/tomcat/embed/tomcat-embed-core/8.5.32/tomcat-embed-core-8.5.32.jar:/Users/haohao/.m2/repository/org/apache/tomcat/tomcat-annotations-api/8.5.32/tomcat-annotations-api-8.5.32.jar:/Users/haohao/.m2/repository/org/apache/tomcat/embed/tomcat-embed-el/8.5.32/tomcat-embed-el-8.5.32.jar:/Users/haohao/.m2/repository/org/apache/tomcat/embed/tomcat-embed-websocket/8.5.32/tomcat-embed-websocket-8.5.32.jar:/Users/haohao/.m2/repository/mysql/mysql-connector-java/5.1.46/mysql-connector-java-5.1.46.jar:/Users/haohao/.m2/repository/org/springframework/boot/spring-boot-starter-test/1.5.15.RELEASE/spring-boot-starter-test-1.5.15.RELEASE.jar:/Users/haohao/.m2/repository/org/springframework/boot/spring-boot-test/1.5.15.RELEASE/spring-boot-test-1.5.15.RELEASE.jar:/Users/haohao/.m2/repository/org/springframework/boot/spring-boot-test-autoconfigure/1.5.15.RELEASE/spring-boot-test-autoconfigure-1.5.15.RELEASE.jar:/Users/haohao/.m2/repository/com/jayway/jsonpath/json-path/2.2.0/json-path-2.2.0.jar:/Users/haohao/.m2/repository/net/minidev/json-smart/2.2.1/json-smart-2.2.1.jar:/Users/haohao/.m2/repository/net/minidev/accessors-smart/1.1/accessors-smart-1.1.jar:/Users/haohao/.m2/repository/org/ow2/asm/asm/5.0.3/asm-5.0.3.jar:/Users/haohao/.m2/repository/junit/junit/4.12/junit-4.12.jar:/Users/haohao/.m2/repository/org/assertj/assertj-core/2.6.0/assertj-core-2.6.0.jar:/Users/haohao/.m2/repository/org/mockito/mockito-core/1.10.19/mockito-core-1.10.19.jar:/Users/haohao/.m2/repository/org/objenesis/objenesis/2.1/objenesis-2.1.jar:/Users/haohao/.m2/repository/org/hamcrest/hamcrest-core/1.3/hamcrest-core-1.3.jar:/Users/haohao/.m2/repository/org/hamcrest/hamcrest-library/1.3/hamcrest-library-1.3.jar:/Users/haohao/.m2/repository/org/skyscreamer/jsonassert/1.4.0/jsonassert-1.4.0.jar:/Users/haohao/.m2/repository/com/vaadin/external/google/android-json/0.0.20131108.vaadin1/android-json-0.0.20131108.vaadin1.jar:/Users/haohao/.m2/repository/org/springframework/spring-core/4.3.18.RELEASE/spring-core-4.3.18.RELEASE.jar:/Users/haohao/.m2/repository/org/springframework/spring-test/4.3.18.RELEASE/spring-test-4.3.18.RELEASE.jar:/Users/haohao/.m2/repository/org/springframework/security/spring-security-test/4.2.7.RELEASE/spring-security-test-4.2.7.RELEASE.jar:/Users/haohao/.m2/repository/org/springframework/security/spring-security-core/4.2.7.RELEASE/spring-security-core-4.2.7.RELEASE.jar:/Users/haohao/.m2/repository/aopalliance/aopalliance/1.0/aopalliance-1.0.jar:/Users/haohao/.m2/repository/com/alibaba/druid/1.1.10/druid-1.1.10.jar:/Users/haohao/.m2/repository/org/json/json/20140107/json-20140107.jar:/Users/haohao/.m2/repository/com/qiniu/qiniu-java-sdk/7.2.17/qiniu-java-sdk-7.2.17.jar:/Users/haohao/.m2/repository/com/squareup/okhttp3/okhttp/3.9.1/okhttp-3.9.1.jar:/Users/haohao/.m2/repository/com/squareup/okio/okio/1.13.0/okio-1.13.0.jar:/Users/haohao/.m2/repository/com/google/code/gson/gson/2.8.5/gson-2.8.5.jar:/Users/haohao/.m2/repository/org/springframework/boot/spring-boot-starter-activemq/1.4.3.RELEASE/spring-boot-starter-activemq-1.4.3.RELEASE.jar:/Users/haohao/.m2/repository/org/springframework/spring-jms/4.3.18.RELEASE/spring-jms-4.3.18.RELEASE.jar:/Users/haohao/.m2/repository/org/apache/activemq/activemq-broker/5.14.5/activemq-broker-5.14.5.jar:/Users/haohao/.m2/repository/org/apache/activemq/activemq-client/5.14.5/activemq-client-5.14.5.jar:/Users/haohao/.m2/repository/org/apache/geronimo/specs/geronimo-jms_1.1_spec/1.1.1/geronimo-jms_1.1_spec-1.1.1.jar:/Users/haohao/.m2/repository/org/fusesource/hawtbuf/hawtbuf/1.11/hawtbuf-1.11.jar:/Users/haohao/.m2/repository/org/apache/geronimo/specs/geronimo-j2ee-management_1.1_spec/1.0.1/geronimo-j2ee-management_1.1_spec-1.0.1.jar:/Users/haohao/.m2/repository/org/apache/activemq/activemq-openwire-legacy/5.14.5/activemq-openwire-legacy-5.14.5.jar:/Users/haohao/.m2/repository/org/apache/httpcomponents/httpclient/4.4.1/httpclient-4.4.1.jar:/Users/haohao/.m2/repository/org/apache/httpcomponents/httpcore/4.4.10/httpcore-4.4.10.jar:/Users/haohao/.m2/repository/commons-codec/commons-codec/1.10/commons-codec-1.10.jar:/Users/haohao/.m2/repository/com/alibaba/fastjson/1.2.15/fastjson-1.2.15.jar:/Users/haohao/.m2/repository/org/apache/poi/poi-ooxml/3.9/poi-ooxml-3.9.jar:/Users/haohao/.m2/repository/org/apache/poi/poi/3.9/poi-3.9.jar:/Users/haohao/.m2/repository/org/apache/poi/poi-ooxml-schemas/3.9/poi-ooxml-schemas-3.9.jar:/Users/haohao/.m2/repository/org/apache/xmlbeans/xmlbeans/2.3.0/xmlbeans-2.3.0.jar:/Users/haohao/.m2/repository/stax/stax-api/1.0.1/stax-api-1.0.1.jar:/Users/haohao/.m2/repository/dom4j/dom4j/1.6.1/dom4j-1.6.1.jar:/Users/haohao/.m2/repository/xml-apis/xml-apis/1.4.01/xml-apis-1.4.01.jar:/Users/haohao/.m2/repository/org/springframework/boot/spring-boot-starter-websocket/1.3.5.RELEASE/spring-boot-starter-websocket-1.3.5.RELEASE.jar:/Users/haohao/.m2/repository/org/springframework/spring-messaging/4.3.18.RELEASE/spring-messaging-4.3.18.RELEASE.jar:/Users/haohao/.m2/repository/org/springframework/spring-websocket/4.3.18.RELEASE/spring-websocket-4.3.18.RELEASE.jar:/Users/haohao/.m2/repository/org/bouncycastle/bcprov-ext-jdk16/1.46/bcprov-ext-jdk16-1.46.jar:, user.name=haohao, java.vm.specification.version=1.8, sun.java.command=/Users/haohao/Desktop/Mr Hao/WHJava/2.自己学习的demo/bbmanage/target/surefire/surefirebooter6701324396916957564.jar /Users/haohao/Desktop/Mr Hao/WHJava/2.自己学习的demo/bbmanage/target/surefire/surefire1257140220409075992tmp /Users/haohao/Desktop/Mr Hao/WHJava/2.自己学习的demo/bbmanage/target/surefire/surefire_02586412278692356119tmp, java.home=/Library/Java/JavaVirtualMachines/jdk1.8.0_111.jdk/Contents/Home/jre, sun.arch.data.model=64, user.language=zh, java.specification.vendor=Oracle Corporation, awt.toolkit=sun.lwawt.macosx.LWCToolkit, java.vm.info=mixed mode, java.version=1.8.0_111, java.ext.dirs=/Users/haohao/Library/Java/Extensions:/Library/Java/JavaVirtualMachines/jdk1.8.0_111.jdk/Contents/Home/jre/lib/ext:/Library/Java/Extensions:/Network/Library/Java/Extensions:/System/Library/Java/Extensions:/usr/lib/java, sun.boot.class.path=/Library/Java/JavaVirtualMachines/jdk1.8.0_111.jdk/Contents/Home/jre/lib/resources.jar:/Library/Java/JavaVirtualMachines/jdk1.8.0_111.jdk/Contents/Home/jre/lib/rt.jar:/Library/Java/JavaVirtualMachines/jdk1.8.0_111.jdk/Contents/Home/jre/lib/sunrsasign.jar:/Library/Java/JavaVirtualMachines/jdk1.8.0_111.jdk/Contents/Home/jre/lib/jsse.jar:/Library/Java/JavaVirtualMachines/jdk1.8.0_111.jdk/Contents/Home/jre/lib/jce.jar:/Library/Java/JavaVirtualMachines/jdk1.8.0_111.jdk/Contents/Home/jre/lib/charsets.jar:/Library/Java/JavaVirtualMachines/jdk1.8.0_111.jdk/Contents/Home/jre/lib/jfr.jar:/Library/Java/JavaVirtualMachines/jdk1.8.0_111.jdk/Contents/Home/jre/classes, java.vendor=Oracle Corporation, localRepository=/Users/haohao/.m2/repository, file.separator=/, java.vendor.url.bug=http://bugreport.sun.com/bugreport/, sun.io.unicode.encoding=UnicodeBig, sun.cpu.endian=little, sun.cpu.isalist=}}, SystemEnvironmentPropertySource@924477420 {name='systemEnvironment', properties={JAVA_MAIN_CLASS_85783=org.apache.maven.surefire.booter.ForkedBooter, PATH=/Users/haohao/Documents/apache-maven-3.5.3/bin:/Users/haohao/anaconda3/bin:/Library/Frameworks/Python.framework/Versions/3.6/bin:/Library/Frameworks/Python.framework/Versions/3.6/bin:/usr/local/bin:/usr/bin:/bin:/usr/sbin:/sbin:/Applications/VMware Fusion.app/Contents/Public, SHELL=/bin/bash, OLDPWD=/Users/haohao/Desktop/Mr Hao/WHJava/2.自己学习的demo/bbmanage, SECURITYSESSIONID=186a7, USER=haohao, JAVA_MAIN_CLASS_85778=org.codehaus.classworlds.Launcher, COMMAND_MODE=unix2003, TMPDIR=/var/folders/qs/x9wd415x40b_jc_wwsj65px80000gn/T/, SSH_AUTH_SOCK=/private/tmp/com.apple.launchd.GUhX9k43cT/Listeners, XPC_FLAGS=0x0, M2_HOME=/Users/haohao/Documents/apache-maven-3.5.3, __CF_USER_TEXT_ENCODING=0x1F5:0x19:0x34, Apple_PubSub_Socket_Render=/private/tmp/com.apple.launchd.BLqeQ81Ou5/Render, LOGNAME=haohao, LC_CTYPE=zh_CN.UTF-8, XPC_SERVICE_NAME=0, PWD=/Users/haohao/Desktop/Mr Hao/WHJava/2.自己学习的demo/bbmanage, HOME=/Users/haohao, SHLVL=1, _=/Library/Java/JavaVirtualMachines/jdk1.8.0_111.jdk/Contents/Home/jre/bin/java}}]
17:01:36.418 [main] DEBUG org.springframework.core.io.support.PathMatchingResourcePatternResolver - Resolved classpath location [com/beibei/bbmanage/] to resources [URL [file:/Users/haohao/Desktop/Mr%20Hao/WHJava/2.%e8%87%aa%e5%b7%b1%e5%ad%a6%e4%b9%a0%e7%9a%84demo/bbmanage/target/test-classes/com/beibei/bbmanage/], URL [file:/Users/haohao/Desktop/Mr%20Hao/WHJava/2.%e8%87%aa%e5%b7%b1%e5%ad%a6%e4%b9%a0%e7%9a%84demo/bbmanage/target/classes/com/beibei/bbmanage/]]
17:01:36.418 [main] DEBUG org.springframework.core.io.support.PathMatchingResourcePatternResolver - Looking for matching resources in directory tree [/Users/haohao/Desktop/Mr Hao/WHJava/2.自己学习的demo/bbmanage/target/test-classes/com/beibei/bbmanage]
17:01:36.418 [main] DEBUG org.springframework.core.io.support.PathMatchingResourcePatternResolver - Searching directory [/Users/haohao/Desktop/Mr Hao/WHJava/2.自己学习的demo/bbmanage/target/test-classes/com/beibei/bbmanage] for files matching pattern [/Users/haohao/Desktop/Mr Hao/WHJava/2.自己学习的demo/bbmanage/target/test-classes/com/beibei/bbmanage/*.class]
17:01:36.421 [main] DEBUG org.springframework.core.io.support.PathMatchingResourcePatternResolver - Looking for matching resources in directory tree [/Users/haohao/Desktop/Mr Hao/WHJava/2.自己学习的demo/bbmanage/target/classes/com/beibei/bbmanage]
17:01:36.421 [main] DEBUG org.springframework.core.io.support.PathMatchingResourcePatternResolver - Searching directory [/Users/haohao/Desktop/Mr Hao/WHJava/2.自己学习的demo/bbmanage/target/classes/com/beibei/bbmanage] for files matching pattern [/Users/haohao/Desktop/Mr Hao/WHJava/2.自己学习的demo/bbmanage/target/classes/com/beibei/bbmanage/*.class]
17:01:36.424 [main] DEBUG org.springframework.core.io.support.PathMatchingResourcePatternResolver - Resolved location pattern [classpath*:com/beibei/bbmanage/*.class] to resources [file [/Users/haohao/Desktop/Mr Hao/WHJava/2.自己学习的demo/bbmanage/target/test-classes/com/beibei/bbmanage/BbmanageApplicationTests.class], file [/Users/haohao/Desktop/Mr Hao/WHJava/2.自己学习的demo/bbmanage/target/classes/com/beibei/bbmanage/BbmanageApplication.class], file [/Users/haohao/Desktop/Mr Hao/WHJava/2.自己学习的demo/bbmanage/target/classes/com/beibei/bbmanage/ServletInitializer.class]]
17:01:36.471 [main] DEBUG org.springframework.context.annotation.ClassPathScanningCandidateComponentProvider - Identified candidate component class: file [/Users/haohao/Desktop/Mr Hao/WHJava/2.自己学习的demo/bbmanage/target/classes/com/beibei/bbmanage/BbmanageApplication.class]
17:01:36.473 [main] INFO org.springframework.boot.test.context.SpringBootTestContextBootstrapper - Found @SpringBootConfiguration com.beibei.bbmanage.BbmanageApplication for test class com.beibei.bbmanage.BbmanageApplicationTests
17:01:36.477 [main] DEBUG org.springframework.boot.test.context.SpringBootTestContextBootstrapper - @TestExecutionListeners is not present for class [com.beibei.bbmanage.BbmanageApplicationTests]: using defaults.
17:01:36.481 [main] INFO org.springframework.boot.test.context.SpringBootTestContextBootstrapper - Loaded default TestExecutionListener class names from location [META-INF/spring.factories]: [org.springframework.boot.test.mock.mockito.MockitoTestExecutionListener, org.springframework.boot.test.mock.mockito.ResetMocksTestExecutionListener, org.springframework.boot.test.autoconfigure.restdocs.RestDocsTestExecutionListener, org.springframework.boot.test.autoconfigure.web.client.MockRestServiceServerResetTestExecutionListener, org.springframework.boot.test.autoconfigure.web.servlet.MockMvcPrintOnlyOnFailureTestExecutionListener, org.springframework.boot.test.autoconfigure.web.servlet.WebDriverTestExecutionListener, org.springframework.test.context.web.ServletTestExecutionListener, org.springframework.test.context.support.DirtiesContextBeforeModesTestExecutionListener, org.springframework.test.context.support.DependencyInjectionTestExecutionListener, org.springframework.test.context.support.DirtiesContextTestExecutionListener, org.springframework.test.context.transaction.TransactionalTestExecutionListener, org.springframework.test.context.jdbc.SqlScriptsTestExecutionListener, org.springframework.security.test.context.support.WithSecurityContextTestExecutionListener]
17:01:36.506 [main] INFO org.springframework.boot.test.context.SpringBootTestContextBootstrapper - Using TestExecutionListeners: [org.springframework.test.context.web.ServletTestExecutionListener@1b083826, org.springframework.test.context.support.DirtiesContextBeforeModesTestExecutionListener@105fece7, org.springframework.boot.test.mock.mockito.MockitoTestExecutionListener@3ec300f1, org.springframework.boot.test.autoconfigure.SpringBootDependencyInjectionTestExecutionListener@482cd91f, org.springframework.test.context.support.DirtiesContextTestExecutionListener@123f1134, org.springframework.test.context.transaction.TransactionalTestExecutionListener@7d68ef40, org.springframework.test.context.jdbc.SqlScriptsTestExecutionListener@5b0abc94, org.springframework.security.test.context.support.WithSecurityContextTestExecutionListener@75c072cb, org.springframework.boot.test.mock.mockito.ResetMocksTestExecutionListener@1f1c7bf6, org.springframework.boot.test.autoconfigure.restdocs.RestDocsTestExecutionListener@25b485ba, org.springframework.boot.test.autoconfigure.web.client.MockRestServiceServerResetTestExecutionListener@2b546384, org.springframework.boot.test.autoconfigure.web.servlet.MockMvcPrintOnlyOnFailureTestExecutionListener@5d740a0f, org.springframework.boot.test.autoconfigure.web.servlet.WebDriverTestExecutionListener@214b199c]
17:01:36.509 [main] DEBUG org.springframework.test.annotation.ProfileValueUtils - Retrieved @ProfileValueSourceConfiguration [null] for test class [com.beibei.bbmanage.BbmanageApplicationTests]
17:01:36.510 [main] DEBUG org.springframework.test.annotation.ProfileValueUtils - Retrieved ProfileValueSource type [class org.springframework.test.annotation.SystemProfileValueSource] for class [com.beibei.bbmanage.BbmanageApplicationTests]
17:01:36.513 [main] DEBUG org.springframework.test.context.junit4.SpringJUnit4ClassRunner - SpringJUnit4ClassRunner constructor called with [class com.beibei.bbmanage.BbmanageApplicationTests]
17:01:36.513 [main] DEBUG org.springframework.test.context.BootstrapUtils - Instantiating CacheAwareContextLoaderDelegate from class [org.springframework.test.context.cache.DefaultCacheAwareContextLoaderDelegate]
17:01:36.513 [main] DEBUG org.springframework.test.context.BootstrapUtils - Instantiating BootstrapContext using constructor [public org.springframework.test.context.support.DefaultBootstrapContext(java.lang.Class,org.springframework.test.context.CacheAwareContextLoaderDelegate)]
17:01:36.514 [main] DEBUG org.springframework.test.context.BootstrapUtils - Instantiating TestContextBootstrapper for test class [com.beibei.bbmanage.BbmanageApplicationTests] from class [org.springframework.boot.test.context.SpringBootTestContextBootstrapper]
17:01:36.514 [main] INFO org.springframework.boot.test.context.SpringBootTestContextBootstrapper - Neither @ContextConfiguration nor @ContextHierarchy found for test class [com.beibei.bbmanage.BbmanageApplicationTests], using SpringBootContextLoader
17:01:36.515 [main] DEBUG org.springframework.test.context.support.AbstractContextLoader - Did not detect default resource location for test class [com.beibei.bbmanage.BbmanageApplicationTests]: class path resource [com/beibei/bbmanage/BbmanageApplicationTests-context.xml] does not exist
17:01:36.515 [main] DEBUG org.springframework.test.context.support.AbstractContextLoader - Did not detect default resource location for test class [com.beibei.bbmanage.BbmanageApplicationTests]: class path resource [com/beibei/bbmanage/BbmanageApplicationTestsContext.groovy] does not exist
17:01:36.515 [main] INFO org.springframework.test.context.support.AbstractContextLoader - Could not detect default resource locations for test class [com.beibei.bbmanage.BbmanageApplicationTests]: no resource found for suffixes {-context.xml, Context.groovy}.
17:01:36.515 [main] INFO org.springframework.test.context.support.AnnotationConfigContextLoaderUtils - Could not detect default configuration classes for test class [com.beibei.bbmanage.BbmanageApplicationTests]: BbmanageApplicationTests does not declare any static, non-private, non-final, nested classes annotated with @Configuration.
17:01:36.520 [main] DEBUG org.springframework.test.context.support.ActiveProfilesUtils - Could not find an 'annotation declaring class' for annotation type [org.springframework.test.context.ActiveProfiles] and class [com.beibei.bbmanage.BbmanageApplicationTests]
17:01:36.520 [main] DEBUG org.springframework.core.env.StandardEnvironment - Adding PropertySource 'systemProperties' with lowest search precedence
17:01:36.521 [main] DEBUG org.springframework.core.env.StandardEnvironment - Adding PropertySource 'systemEnvironment' with lowest search precedence
17:01:36.521 [main] DEBUG org.springframework.core.env.StandardEnvironment - Initialized StandardEnvironment with PropertySources [MapPropertySource@973576304 {name='systemProperties', properties={idea.version=2018.1.4, java.runtime.name=Java(TM) SE Runtime Environment, sun.boot.library.path=/Library/Java/JavaVirtualMachines/jdk1.8.0_111.jdk/Contents/Home/jre/lib, java.vm.version=25.111-b14, gopherProxySet=false, java.vm.vendor=Oracle Corporation, java.vendor.url=http://java.oracle.com/, path.separator=:, java.vm.name=Java HotSpot(TM) 64-Bit Server VM, file.encoding.pkg=sun.io, user.country=CN, sun.java.launcher=SUN_STANDARD, sun.os.patch.level=unknown, java.vm.specification.name=Java Virtual Machine Specification, user.dir=/Users/haohao/Desktop/Mr Hao/WHJava/2.自己学习的demo/bbmanage, java.runtime.version=1.8.0_111-b14, basedir=/Users/haohao/Desktop/Mr Hao/WHJava/2.自己学习的demo/bbmanage, java.awt.graphicsenv=sun.awt.CGraphicsEnvironment, java.endorsed.dirs=/Library/Java/JavaVirtualMachines/jdk1.8.0_111.jdk/Contents/Home/jre/lib/endorsed, os.arch=x86_64, surefire.real.class.path=/Users/haohao/Desktop/Mr Hao/WHJava/2.自己学习的demo/bbmanage/target/surefire/surefirebooter6701324396916957564.jar, java.io.tmpdir=/var/folders/qs/x9wd415x40b_jc_wwsj65px80000gn/T/, line.separator=
, java.vm.specification.vendor=Oracle Corporation, os.name=Mac OS X, sun.jnu.encoding=UTF-8, java.library.path=/Users/haohao/Library/Java/Extensions:/Library/Java/Extensions:/Network/Library/Java/Extensions:/System/Library/Java/Extensions:/usr/lib/java:., surefire.test.class.path=/Users/haohao/Desktop/Mr Hao/WHJava/2.自己学习的demo/bbmanage/target/test-classes:/Users/haohao/Desktop/Mr Hao/WHJava/2.自己学习的demo/bbmanage/target/classes:/Users/haohao/.m2/repository/org/springframework/boot/spring-boot-starter-data-jpa/1.5.15.RELEASE/spring-boot-starter-data-jpa-1.5.15.RELEASE.jar:/Users/haohao/.m2/repository/org/springframework/boot/spring-boot-starter/1.5.15.RELEASE/spring-boot-starter-1.5.15.RELEASE.jar:/Users/haohao/.m2/repository/org/springframework/boot/spring-boot/1.5.15.RELEASE/spring-boot-1.5.15.RELEASE.jar:/Users/haohao/.m2/repository/org/springframework/boot/spring-boot-autoconfigure/1.5.15.RELEASE/spring-boot-autoconfigure-1.5.15.RELEASE.jar:/Users/haohao/.m2/repository/org/springframework/boot/spring-boot-starter-logging/1.5.15.RELEASE/spring-boot-starter-logging-1.5.15.RELEASE.jar:/Users/haohao/.m2/repository/ch/qos/logback/logback-classic/1.1.11/logback-classic-1.1.11.jar:/Users/haohao/.m2/repository/ch/qos/logback/logback-core/1.1.11/logback-core-1.1.11.jar:/Users/haohao/.m2/repository/org/slf4j/jul-to-slf4j/1.7.25/jul-to-slf4j-1.7.25.jar:/Users/haohao/.m2/repository/org/slf4j/log4j-over-slf4j/1.7.25/log4j-over-slf4j-1.7.25.jar:/Users/haohao/.m2/repository/org/yaml/snakeyaml/1.17/snakeyaml-1.17.jar:/Users/haohao/.m2/repository/org/springframework/boot/spring-boot-starter-aop/1.5.15.RELEASE/spring-boot-starter-aop-1.5.15.RELEASE.jar:/Users/haohao/.m2/repository/org/aspectj/aspectjweaver/1.8.13/aspectjweaver-1.8.13.jar:/Users/haohao/.m2/repository/org/hibernate/hibernate-core/5.0.12.Final/hibernate-core-5.0.12.Final.jar:/Users/haohao/.m2/repository/org/jboss/logging/jboss-logging/3.3.2.Final/jboss-logging-3.3.2.Final.jar:/Users/haohao/.m2/repository/org/hibernate/javax/persistence/hibernate-jpa-2.1-api/1.0.0.Final/hibernate-jpa-2.1-api-1.0.0.Final.jar:/Users/haohao/.m2/repository/org/javassist/javassist/3.21.0-GA/javassist-3.21.0-GA.jar:/Users/haohao/.m2/repository/antlr/antlr/2.7.7/antlr-2.7.7.jar:/Users/haohao/.m2/repository/org/jboss/jandex/2.0.0.Final/jandex-2.0.0.Final.jar:/Users/haohao/.m2/repository/org/hibernate/common/hibernate-commons-annotations/5.0.1.Final/hibernate-commons-annotations-5.0.1.Final.jar:/Users/haohao/.m2/repository/org/hibernate/hibernate-entitymanager/5.0.12.Final/hibernate-entitymanager-5.0.12.Final.jar:/Users/haohao/.m2/repository/javax/transaction/javax.transaction-api/1.2/javax.transaction-api-1.2.jar:/Users/haohao/.m2/repository/org/springframework/data/spring-data-jpa/1.11.14.RELEASE/spring-data-jpa-1.11.14.RELEASE.jar:/Users/haohao/.m2/repository/org/springframework/data/spring-data-commons/1.13.14.RELEASE/spring-data-commons-1.13.14.RELEASE.jar:/Users/haohao/.m2/repository/org/springframework/spring-orm/4.3.18.RELEASE/spring-orm-4.3.18.RELEASE.jar:/Users/haohao/.m2/repository/org/springframework/spring-context/4.3.18.RELEASE/spring-context-4.3.18.RELEASE.jar:/Users/haohao/.m2/repository/org/springframework/spring-tx/4.3.18.RELEASE/spring-tx-4.3.18.RELEASE.jar:/Users/haohao/.m2/repository/org/springframework/spring-beans/4.3.18.RELEASE/spring-beans-4.3.18.RELEASE.jar:/Users/haohao/.m2/repository/org/slf4j/slf4j-api/1.7.25/slf4j-api-1.7.25.jar:/Users/haohao/.m2/repository/org/slf4j/jcl-over-slf4j/1.7.25/jcl-over-slf4j-1.7.25.jar:/Users/haohao/.m2/repository/org/springframework/spring-aspects/4.3.18.RELEASE/spring-aspects-4.3.18.RELEASE.jar:/Users/haohao/.m2/repository/org/springframework/boot/spring-boot-starter-data-redis/1.5.15.RELEASE/spring-boot-starter-data-redis-1.5.15.RELEASE.jar:/Users/haohao/.m2/repository/org/springframework/data/spring-data-redis/1.8.14.RELEASE/spring-data-redis-1.8.14.RELEASE.jar:/Users/haohao/.m2/repository/org/springframework/data/spring-data-keyvalue/1.2.14.RELEASE/spring-data-keyvalue-1.2.14.RELEASE.jar:/Users/haohao/.m2/repository/org/springframework/spring-oxm/4.3.18.RELEASE/spring-oxm-4.3.18.RELEASE.jar:/Users/haohao/.m2/repository/org/springframework/spring-context-support/4.3.18.RELEASE/spring-context-support-4.3.18.RELEASE.jar:/Users/haohao/.m2/repository/redis/clients/jedis/2.9.0/jedis-2.9.0.jar:/Users/haohao/.m2/repository/org/apache/commons/commons-pool2/2.4.3/commons-pool2-2.4.3.jar:/Users/haohao/.m2/repository/org/springframework/boot/spring-boot-starter-jdbc/1.5.15.RELEASE/spring-boot-starter-jdbc-1.5.15.RELEASE.jar:/Users/haohao/.m2/repository/org/apache/tomcat/tomcat-jdbc/8.5.32/tomcat-jdbc-8.5.32.jar:/Users/haohao/.m2/repository/org/apache/tomcat/tomcat-juli/8.5.32/tomcat-juli-8.5.32.jar:/Users/haohao/.m2/repository/org/springframework/spring-jdbc/4.3.18.RELEASE/spring-jdbc-4.3.18.RELEASE.jar:/Users/haohao/.m2/repository/org/springframework/boot/spring-boot-starter-security/1.5.15.RELEASE/spring-boot-starter-security-1.5.15.RELEASE.jar:/Users/haohao/.m2/repository/org/springframework/spring-aop/4.3.18.RELEASE/spring-aop-4.3.18.RELEASE.jar:/Users/haohao/.m2/repository/org/springframework/security/spring-security-config/4.2.7.RELEASE/spring-security-config-4.2.7.RELEASE.jar:/Users/haohao/.m2/repository/org/springframework/security/spring-security-web/4.2.7.RELEASE/spring-security-web-4.2.7.RELEASE.jar:/Users/haohao/.m2/repository/org/springframework/spring-expression/4.3.18.RELEASE/spring-expression-4.3.18.RELEASE.jar:/Users/haohao/.m2/repository/org/springframework/boot/spring-boot-starter-thymeleaf/1.5.15.RELEASE/spring-boot-starter-thymeleaf-1.5.15.RELEASE.jar:/Users/haohao/.m2/repository/org/thymeleaf/thymeleaf-spring4/2.1.6.RELEASE/thymeleaf-spring4-2.1.6.RELEASE.jar:/Users/haohao/.m2/repository/org/thymeleaf/thymeleaf/2.1.6.RELEASE/thymeleaf-2.1.6.RELEASE.jar:/Users/haohao/.m2/repository/ognl/ognl/3.0.8/ognl-3.0.8.jar:/Users/haohao/.m2/repository/org/unbescape/unbescape/1.1.0.RELEASE/unbescape-1.1.0.RELEASE.jar:/Users/haohao/.m2/repository/nz/net/ultraq/thymeleaf/thymeleaf-layout-dialect/1.4.0/thymeleaf-layout-dialect-1.4.0.jar:/Users/haohao/.m2/repository/org/codehaus/groovy/groovy/2.4.15/groovy-2.4.15.jar:/Users/haohao/.m2/repository/org/springframework/boot/spring-boot-starter-web/1.5.15.RELEASE/spring-boot-starter-web-1.5.15.RELEASE.jar:/Users/haohao/.m2/repository/org/hibernate/hibernate-validator/5.3.6.Final/hibernate-validator-5.3.6.Final.jar:/Users/haohao/.m2/repository/javax/validation/validation-api/1.1.0.Final/validation-api-1.1.0.Final.jar:/Users/haohao/.m2/repository/com/fasterxml/classmate/1.3.4/classmate-1.3.4.jar:/Users/haohao/.m2/repository/com/fasterxml/jackson/core/jackson-databind/2.8.11.2/jackson-databind-2.8.11.2.jar:/Users/haohao/.m2/repository/com/fasterxml/jackson/core/jackson-annotations/2.8.0/jackson-annotations-2.8.0.jar:/Users/haohao/.m2/repository/com/fasterxml/jackson/core/jackson-core/2.8.11/jackson-core-2.8.11.jar:/Users/haohao/.m2/repository/org/springframework/spring-web/4.3.18.RELEASE/spring-web-4.3.18.RELEASE.jar:/Users/haohao/.m2/repository/org/springframework/spring-webmvc/4.3.18.RELEASE/spring-webmvc-4.3.18.RELEASE.jar:/Users/haohao/.m2/repository/org/springframework/boot/spring-boot-starter-tomcat/1.5.15.RELEASE/spring-boot-starter-tomcat-1.5.15.RELEASE.jar:/Users/haohao/.m2/repository/org/apache/tomcat/embed/tomcat-embed-core/8.5.32/tomcat-embed-core-8.5.32.jar:/Users/haohao/.m2/repository/org/apache/tomcat/tomcat-annotations-api/8.5.32/tomcat-annotations-api-8.5.32.jar:/Users/haohao/.m2/repository/org/apache/tomcat/embed/tomcat-embed-el/8.5.32/tomcat-embed-el-8.5.32.jar:/Users/haohao/.m2/repository/org/apache/tomcat/embed/tomcat-embed-websocket/8.5.32/tomcat-embed-websocket-8.5.32.jar:/Users/haohao/.m2/repository/mysql/mysql-connector-java/5.1.46/mysql-connector-java-5.1.46.jar:/Users/haohao/.m2/repository/org/springframework/boot/spring-boot-starter-test/1.5.15.RELEASE/spring-boot-starter-test-1.5.15.RELEASE.jar:/Users/haohao/.m2/repository/org/springframework/boot/spring-boot-test/1.5.15.RELEASE/spring-boot-test-1.5.15.RELEASE.jar:/Users/haohao/.m2/repository/org/springframework/boot/spring-boot-test-autoconfigure/1.5.15.RELEASE/spring-boot-test-autoconfigure-1.5.15.RELEASE.jar:/Users/haohao/.m2/repository/com/jayway/jsonpath/json-path/2.2.0/json-path-2.2.0.jar:/Users/haohao/.m2/repository/net/minidev/json-smart/2.2.1/json-smart-2.2.1.jar:/Users/haohao/.m2/repository/net/minidev/accessors-smart/1.1/accessors-smart-1.1.jar:/Users/haohao/.m2/repository/org/ow2/asm/asm/5.0.3/asm-5.0.3.jar:/Users/haohao/.m2/repository/junit/junit/4.12/junit-4.12.jar:/Users/haohao/.m2/repository/org/assertj/assertj-core/2.6.0/assertj-core-2.6.0.jar:/Users/haohao/.m2/repository/org/mockito/mockito-core/1.10.19/mockito-core-1.10.19.jar:/Users/haohao/.m2/repository/org/objenesis/objenesis/2.1/objenesis-2.1.jar:/Users/haohao/.m2/repository/org/hamcrest/hamcrest-core/1.3/hamcrest-core-1.3.jar:/Users/haohao/.m2/repository/org/hamcrest/hamcrest-library/1.3/hamcrest-library-1.3.jar:/Users/haohao/.m2/repository/org/skyscreamer/jsonassert/1.4.0/jsonassert-1.4.0.jar:/Users/haohao/.m2/repository/com/vaadin/external/google/android-json/0.0.20131108.vaadin1/android-json-0.0.20131108.vaadin1.jar:/Users/haohao/.m2/repository/org/springframework/spring-core/4.3.18.RELEASE/spring-core-4.3.18.RELEASE.jar:/Users/haohao/.m2/repository/org/springframework/spring-test/4.3.18.RELEASE/spring-test-4.3.18.RELEASE.jar:/Users/haohao/.m2/repository/org/springframework/security/spring-security-test/4.2.7.RELEASE/spring-security-test-4.2.7.RELEASE.jar:/Users/haohao/.m2/repository/org/springframework/security/spring-security-core/4.2.7.RELEASE/spring-security-core-4.2.7.RELEASE.jar:/Users/haohao/.m2/repository/aopalliance/aopalliance/1.0/aopalliance-1.0.jar:/Users/haohao/.m2/repository/com/alibaba/druid/1.1.10/druid-1.1.10.jar:/Users/haohao/.m2/repository/org/json/json/20140107/json-20140107.jar:/Users/haohao/.m2/repository/com/qiniu/qiniu-java-sdk/7.2.17/qiniu-java-sdk-7.2.17.jar:/Users/haohao/.m2/repository/com/squareup/okhttp3/okhttp/3.9.1/okhttp-3.9.1.jar:/Users/haohao/.m2/repository/com/squareup/okio/okio/1.13.0/okio-1.13.0.jar:/Users/haohao/.m2/repository/com/google/code/gson/gson/2.8.5/gson-2.8.5.jar:/Users/haohao/.m2/repository/org/springframework/boot/spring-boot-starter-activemq/1.4.3.RELEASE/spring-boot-starter-activemq-1.4.3.RELEASE.jar:/Users/haohao/.m2/repository/org/springframework/spring-jms/4.3.18.RELEASE/spring-jms-4.3.18.RELEASE.jar:/Users/haohao/.m2/repository/org/apache/activemq/activemq-broker/5.14.5/activemq-broker-5.14.5.jar:/Users/haohao/.m2/repository/org/apache/activemq/activemq-client/5.14.5/activemq-client-5.14.5.jar:/Users/haohao/.m2/repository/org/apache/geronimo/specs/geronimo-jms_1.1_spec/1.1.1/geronimo-jms_1.1_spec-1.1.1.jar:/Users/haohao/.m2/repository/org/fusesource/hawtbuf/hawtbuf/1.11/hawtbuf-1.11.jar:/Users/haohao/.m2/repository/org/apache/geronimo/specs/geronimo-j2ee-management_1.1_spec/1.0.1/geronimo-j2ee-management_1.1_spec-1.0.1.jar:/Users/haohao/.m2/repository/org/apache/activemq/activemq-openwire-legacy/5.14.5/activemq-openwire-legacy-5.14.5.jar:/Users/haohao/.m2/repository/org/apache/httpcomponents/httpclient/4.4.1/httpclient-4.4.1.jar:/Users/haohao/.m2/repository/org/apache/httpcomponents/httpcore/4.4.10/httpcore-4.4.10.jar:/Users/haohao/.m2/repository/commons-codec/commons-codec/1.10/commons-codec-1.10.jar:/Users/haohao/.m2/repository/com/alibaba/fastjson/1.2.15/fastjson-1.2.15.jar:/Users/haohao/.m2/repository/org/apache/poi/poi-ooxml/3.9/poi-ooxml-3.9.jar:/Users/haohao/.m2/repository/org/apache/poi/poi/3.9/poi-3.9.jar:/Users/haohao/.m2/repository/org/apache/poi/poi-ooxml-schemas/3.9/poi-ooxml-schemas-3.9.jar:/Users/haohao/.m2/repository/org/apache/xmlbeans/xmlbeans/2.3.0/xmlbeans-2.3.0.jar:/Users/haohao/.m2/repository/stax/stax-api/1.0.1/stax-api-1.0.1.jar:/Users/haohao/.m2/repository/dom4j/dom4j/1.6.1/dom4j-1.6.1.jar:/Users/haohao/.m2/repository/xml-apis/xml-apis/1.4.01/xml-apis-1.4.01.jar:/Users/haohao/.m2/repository/org/springframework/boot/spring-boot-starter-websocket/1.3.5.RELEASE/spring-boot-starter-websocket-1.3.5.RELEASE.jar:/Users/haohao/.m2/repository/org/springframework/spring-messaging/4.3.18.RELEASE/spring-messaging-4.3.18.RELEASE.jar:/Users/haohao/.m2/repository/org/springframework/spring-websocket/4.3.18.RELEASE/spring-websocket-4.3.18.RELEASE.jar:/Users/haohao/.m2/repository/org/bouncycastle/bcprov-ext-jdk16/1.46/bcprov-ext-jdk16-1.46.jar:, java.specification.name=Java Platform API Specification, java.class.version=52.0, sun.management.compiler=HotSpot 64-Bit Tiered Compilers, os.version=10.14.1, user.home=/Users/haohao, user.timezone=Asia/Shanghai, java.awt.printerjob=sun.lwawt.macosx.CPrinterJob, file.encoding=UTF-8, java.specification.version=1.8, java.class.path=/Users/haohao/Desktop/Mr Hao/WHJava/2.自己学习的demo/bbmanage/target/test-classes:/Users/haohao/Desktop/Mr Hao/WHJava/2.自己学习的demo/bbmanage/target/classes:/Users/haohao/.m2/repository/org/springframework/boot/spring-boot-starter-data-jpa/1.5.15.RELEASE/spring-boot-starter-data-jpa-1.5.15.RELEASE.jar:/Users/haohao/.m2/repository/org/springframework/boot/spring-boot-starter/1.5.15.RELEASE/spring-boot-starter-1.5.15.RELEASE.jar:/Users/haohao/.m2/repository/org/springframework/boot/spring-boot/1.5.15.RELEASE/spring-boot-1.5.15.RELEASE.jar:/Users/haohao/.m2/repository/org/springframework/boot/spring-boot-autoconfigure/1.5.15.RELEASE/spring-boot-autoconfigure-1.5.15.RELEASE.jar:/Users/haohao/.m2/repository/org/springframework/boot/spring-boot-starter-logging/1.5.15.RELEASE/spring-boot-starter-logging-1.5.15.RELEASE.jar:/Users/haohao/.m2/repository/ch/qos/logback/logback-classic/1.1.11/logback-classic-1.1.11.jar:/Users/haohao/.m2/repository/ch/qos/logback/logback-core/1.1.11/logback-core-1.1.11.jar:/Users/haohao/.m2/repository/org/slf4j/jul-to-slf4j/1.7.25/jul-to-slf4j-1.7.25.jar:/Users/haohao/.m2/repository/org/slf4j/log4j-over-slf4j/1.7.25/log4j-over-slf4j-1.7.25.jar:/Users/haohao/.m2/repository/org/yaml/snakeyaml/1.17/snakeyaml-1.17.jar:/Users/haohao/.m2/repository/org/springframework/boot/spring-boot-starter-aop/1.5.15.RELEASE/spring-boot-starter-aop-1.5.15.RELEASE.jar:/Users/haohao/.m2/repository/org/aspectj/aspectjweaver/1.8.13/aspectjweaver-1.8.13.jar:/Users/haohao/.m2/repository/org/hibernate/hibernate-core/5.0.12.Final/hibernate-core-5.0.12.Final.jar:/Users/haohao/.m2/repository/org/jboss/logging/jboss-logging/3.3.2.Final/jboss-logging-3.3.2.Final.jar:/Users/haohao/.m2/repository/org/hibernate/javax/persistence/hibernate-jpa-2.1-api/1.0.0.Final/hibernate-jpa-2.1-api-1.0.0.Final.jar:/Users/haohao/.m2/repository/org/javassist/javassist/3.21.0-GA/javassist-3.21.0-GA.jar:/Users/haohao/.m2/repository/antlr/antlr/2.7.7/antlr-2.7.7.jar:/Users/haohao/.m2/repository/org/jboss/jandex/2.0.0.Final/jandex-2.0.0.Final.jar:/Users/haohao/.m2/repository/org/hibernate/common/hibernate-commons-annotations/5.0.1.Final/hibernate-commons-annotations-5.0.1.Final.jar:/Users/haohao/.m2/repository/org/hibernate/hibernate-entitymanager/5.0.12.Final/hibernate-entitymanager-5.0.12.Final.jar:/Users/haohao/.m2/repository/javax/transaction/javax.transaction-api/1.2/javax.transaction-api-1.2.jar:/Users/haohao/.m2/repository/org/springframework/data/spring-data-jpa/1.11.14.RELEASE/spring-data-jpa-1.11.14.RELEASE.jar:/Users/haohao/.m2/repository/org/springframework/data/spring-data-commons/1.13.14.RELEASE/spring-data-commons-1.13.14.RELEASE.jar:/Users/haohao/.m2/repository/org/springframework/spring-orm/4.3.18.RELEASE/spring-orm-4.3.18.RELEASE.jar:/Users/haohao/.m2/repository/org/springframework/spring-context/4.3.18.RELEASE/spring-context-4.3.18.RELEASE.jar:/Users/haohao/.m2/repository/org/springframework/spring-tx/4.3.18.RELEASE/spring-tx-4.3.18.RELEASE.jar:/Users/haohao/.m2/repository/org/springframework/spring-beans/4.3.18.RELEASE/spring-beans-4.3.18.RELEASE.jar:/Users/haohao/.m2/repository/org/slf4j/slf4j-api/1.7.25/slf4j-api-1.7.25.jar:/Users/haohao/.m2/repository/org/slf4j/jcl-over-slf4j/1.7.25/jcl-over-slf4j-1.7.25.jar:/Users/haohao/.m2/repository/org/springframework/spring-aspects/4.3.18.RELEASE/spring-aspects-4.3.18.RELEASE.jar:/Users/haohao/.m2/repository/org/springframework/boot/spring-boot-starter-data-redis/1.5.15.RELEASE/spring-boot-starter-data-redis-1.5.15.RELEASE.jar:/Users/haohao/.m2/repository/org/springframework/data/spring-data-redis/1.8.14.RELEASE/spring-data-redis-1.8.14.RELEASE.jar:/Users/haohao/.m2/repository/org/springframework/data/spring-data-keyvalue/1.2.14.RELEASE/spring-data-keyvalue-1.2.14.RELEASE.jar:/Users/haohao/.m2/repository/org/springframework/spring-oxm/4.3.18.RELEASE/spring-oxm-4.3.18.RELEASE.jar:/Users/haohao/.m2/repository/org/springframework/spring-context-support/4.3.18.RELEASE/spring-context-support-4.3.18.RELEASE.jar:/Users/haohao/.m2/repository/redis/clients/jedis/2.9.0/jedis-2.9.0.jar:/Users/haohao/.m2/repository/org/apache/commons/commons-pool2/2.4.3/commons-pool2-2.4.3.jar:/Users/haohao/.m2/repository/org/springframework/boot/spring-boot-starter-jdbc/1.5.15.RELEASE/spring-boot-starter-jdbc-1.5.15.RELEASE.jar:/Users/haohao/.m2/repository/org/apache/tomcat/tomcat-jdbc/8.5.32/tomcat-jdbc-8.5.32.jar:/Users/haohao/.m2/repository/org/apache/tomcat/tomcat-juli/8.5.32/tomcat-juli-8.5.32.jar:/Users/haohao/.m2/repository/org/springframework/spring-jdbc/4.3.18.RELEASE/spring-jdbc-4.3.18.RELEASE.jar:/Users/haohao/.m2/repository/org/springframework/boot/spring-boot-starter-security/1.5.15.RELEASE/spring-boot-starter-security-1.5.15.RELEASE.jar:/Users/haohao/.m2/repository/org/springframework/spring-aop/4.3.18.RELEASE/spring-aop-4.3.18.RELEASE.jar:/Users/haohao/.m2/repository/org/springframework/security/spring-security-config/4.2.7.RELEASE/spring-security-config-4.2.7.RELEASE.jar:/Users/haohao/.m2/repository/org/springframework/security/spring-security-web/4.2.7.RELEASE/spring-security-web-4.2.7.RELEASE.jar:/Users/haohao/.m2/repository/org/springframework/spring-expression/4.3.18.RELEASE/spring-expression-4.3.18.RELEASE.jar:/Users/haohao/.m2/repository/org/springframework/boot/spring-boot-starter-thymeleaf/1.5.15.RELEASE/spring-boot-starter-thymeleaf-1.5.15.RELEASE.jar:/Users/haohao/.m2/repository/org/thymeleaf/thymeleaf-spring4/2.1.6.RELEASE/thymeleaf-spring4-2.1.6.RELEASE.jar:/Users/haohao/.m2/repository/org/thymeleaf/thymeleaf/2.1.6.RELEASE/thymeleaf-2.1.6.RELEASE.jar:/Users/haohao/.m2/repository/ognl/ognl/3.0.8/ognl-3.0.8.jar:/Users/haohao/.m2/repository/org/unbescape/unbescape/1.1.0.RELEASE/unbescape-1.1.0.RELEASE.jar:/Users/haohao/.m2/repository/nz/net/ultraq/thymeleaf/thymeleaf-layout-dialect/1.4.0/thymeleaf-layout-dialect-1.4.0.jar:/Users/haohao/.m2/repository/org/codehaus/groovy/groovy/2.4.15/groovy-2.4.15.jar:/Users/haohao/.m2/repository/org/springframework/boot/spring-boot-starter-web/1.5.15.RELEASE/spring-boot-starter-web-1.5.15.RELEASE.jar:/Users/haohao/.m2/repository/org/hibernate/hibernate-validator/5.3.6.Final/hibernate-validator-5.3.6.Final.jar:/Users/haohao/.m2/repository/javax/validation/validation-api/1.1.0.Final/validation-api-1.1.0.Final.jar:/Users/haohao/.m2/repository/com/fasterxml/classmate/1.3.4/classmate-1.3.4.jar:/Users/haohao/.m2/repository/com/fasterxml/jackson/core/jackson-databind/2.8.11.2/jackson-databind-2.8.11.2.jar:/Users/haohao/.m2/repository/com/fasterxml/jackson/core/jackson-annotations/2.8.0/jackson-annotations-2.8.0.jar:/Users/haohao/.m2/repository/com/fasterxml/jackson/core/jackson-core/2.8.11/jackson-core-2.8.11.jar:/Users/haohao/.m2/repository/org/springframework/spring-web/4.3.18.RELEASE/spring-web-4.3.18.RELEASE.jar:/Users/haohao/.m2/repository/org/springframework/spring-webmvc/4.3.18.RELEASE/spring-webmvc-4.3.18.RELEASE.jar:/Users/haohao/.m2/repository/org/springframework/boot/spring-boot-starter-tomcat/1.5.15.RELEASE/spring-boot-starter-tomcat-1.5.15.RELEASE.jar:/Users/haohao/.m2/repository/org/apache/tomcat/embed/tomcat-embed-core/8.5.32/tomcat-embed-core-8.5.32.jar:/Users/haohao/.m2/repository/org/apache/tomcat/tomcat-annotations-api/8.5.32/tomcat-annotations-api-8.5.32.jar:/Users/haohao/.m2/repository/org/apache/tomcat/embed/tomcat-embed-el/8.5.32/tomcat-embed-el-8.5.32.jar:/Users/haohao/.m2/repository/org/apache/tomcat/embed/tomcat-embed-websocket/8.5.32/tomcat-embed-websocket-8.5.32.jar:/Users/haohao/.m2/repository/mysql/mysql-connector-java/5.1.46/mysql-connector-java-5.1.46.jar:/Users/haohao/.m2/repository/org/springframework/boot/spring-boot-starter-test/1.5.15.RELEASE/spring-boot-starter-test-1.5.15.RELEASE.jar:/Users/haohao/.m2/repository/org/springframework/boot/spring-boot-test/1.5.15.RELEASE/spring-boot-test-1.5.15.RELEASE.jar:/Users/haohao/.m2/repository/org/springframework/boot/spring-boot-test-autoconfigure/1.5.15.RELEASE/spring-boot-test-autoconfigure-1.5.15.RELEASE.jar:/Users/haohao/.m2/repository/com/jayway/jsonpath/json-path/2.2.0/json-path-2.2.0.jar:/Users/haohao/.m2/repository/net/minidev/json-smart/2.2.1/json-smart-2.2.1.jar:/Users/haohao/.m2/repository/net/minidev/accessors-smart/1.1/accessors-smart-1.1.jar:/Users/haohao/.m2/repository/org/ow2/asm/asm/5.0.3/asm-5.0.3.jar:/Users/haohao/.m2/repository/junit/junit/4.12/junit-4.12.jar:/Users/haohao/.m2/repository/org/assertj/assertj-core/2.6.0/assertj-core-2.6.0.jar:/Users/haohao/.m2/repository/org/mockito/mockito-core/1.10.19/mockito-core-1.10.19.jar:/Users/haohao/.m2/repository/org/objenesis/objenesis/2.1/objenesis-2.1.jar:/Users/haohao/.m2/repository/org/hamcrest/hamcrest-core/1.3/hamcrest-core-1.3.jar:/Users/haohao/.m2/repository/org/hamcrest/hamcrest-library/1.3/hamcrest-library-1.3.jar:/Users/haohao/.m2/repository/org/skyscreamer/jsonassert/1.4.0/jsonassert-1.4.0.jar:/Users/haohao/.m2/repository/com/vaadin/external/google/android-json/0.0.20131108.vaadin1/android-json-0.0.20131108.vaadin1.jar:/Users/haohao/.m2/repository/org/springframework/spring-core/4.3.18.RELEASE/spring-core-4.3.18.RELEASE.jar:/Users/haohao/.m2/repository/org/springframework/spring-test/4.3.18.RELEASE/spring-test-4.3.18.RELEASE.jar:/Users/haohao/.m2/repository/org/springframework/security/spring-security-test/4.2.7.RELEASE/spring-security-test-4.2.7.RELEASE.jar:/Users/haohao/.m2/repository/org/springframework/security/spring-security-core/4.2.7.RELEASE/spring-security-core-4.2.7.RELEASE.jar:/Users/haohao/.m2/repository/aopalliance/aopalliance/1.0/aopalliance-1.0.jar:/Users/haohao/.m2/repository/com/alibaba/druid/1.1.10/druid-1.1.10.jar:/Users/haohao/.m2/repository/org/json/json/20140107/json-20140107.jar:/Users/haohao/.m2/repository/com/qiniu/qiniu-java-sdk/7.2.17/qiniu-java-sdk-7.2.17.jar:/Users/haohao/.m2/repository/com/squareup/okhttp3/okhttp/3.9.1/okhttp-3.9.1.jar:/Users/haohao/.m2/repository/com/squareup/okio/okio/1.13.0/okio-1.13.0.jar:/Users/haohao/.m2/repository/com/google/code/gson/gson/2.8.5/gson-2.8.5.jar:/Users/haohao/.m2/repository/org/springframework/boot/spring-boot-starter-activemq/1.4.3.RELEASE/spring-boot-starter-activemq-1.4.3.RELEASE.jar:/Users/haohao/.m2/repository/org/springframework/spring-jms/4.3.18.RELEASE/spring-jms-4.3.18.RELEASE.jar:/Users/haohao/.m2/repository/org/apache/activemq/activemq-broker/5.14.5/activemq-broker-5.14.5.jar:/Users/haohao/.m2/repository/org/apache/activemq/activemq-client/5.14.5/activemq-client-5.14.5.jar:/Users/haohao/.m2/repository/org/apache/geronimo/specs/geronimo-jms_1.1_spec/1.1.1/geronimo-jms_1.1_spec-1.1.1.jar:/Users/haohao/.m2/repository/org/fusesource/hawtbuf/hawtbuf/1.11/hawtbuf-1.11.jar:/Users/haohao/.m2/repository/org/apache/geronimo/specs/geronimo-j2ee-management_1.1_spec/1.0.1/geronimo-j2ee-management_1.1_spec-1.0.1.jar:/Users/haohao/.m2/repository/org/apache/activemq/activemq-openwire-legacy/5.14.5/activemq-openwire-legacy-5.14.5.jar:/Users/haohao/.m2/repository/org/apache/httpcomponents/httpclient/4.4.1/httpclient-4.4.1.jar:/Users/haohao/.m2/repository/org/apache/httpcomponents/httpcore/4.4.10/httpcore-4.4.10.jar:/Users/haohao/.m2/repository/commons-codec/commons-codec/1.10/commons-codec-1.10.jar:/Users/haohao/.m2/repository/com/alibaba/fastjson/1.2.15/fastjson-1.2.15.jar:/Users/haohao/.m2/repository/org/apache/poi/poi-ooxml/3.9/poi-ooxml-3.9.jar:/Users/haohao/.m2/repository/org/apache/poi/poi/3.9/poi-3.9.jar:/Users/haohao/.m2/repository/org/apache/poi/poi-ooxml-schemas/3.9/poi-ooxml-schemas-3.9.jar:/Users/haohao/.m2/repository/org/apache/xmlbeans/xmlbeans/2.3.0/xmlbeans-2.3.0.jar:/Users/haohao/.m2/repository/stax/stax-api/1.0.1/stax-api-1.0.1.jar:/Users/haohao/.m2/repository/dom4j/dom4j/1.6.1/dom4j-1.6.1.jar:/Users/haohao/.m2/repository/xml-apis/xml-apis/1.4.01/xml-apis-1.4.01.jar:/Users/haohao/.m2/repository/org/spri
[...]
2018-12-10 17:01:58.726  INFO 85783 --- [           main] s.w.s.m.m.a.RequestMappingHandlerMapping : Mapped "{[/page/panel/add]}" onto public org.springframework.http.ResponseEntity<java.lang.Object> com.beibei.bbmanage.controller.web.index.IndexCategoryController.savePanel(com.beibei.bbmanage.entity.TIndexCategoryEntity,org.springframework.web.multipart.MultipartFile[])
2018-12-10 17:01:58.727  INFO 85783 --- [           main] s.w.s.m.m.a.RequestMappingHandlerMapping : Mapped "{[/page/panel/deletePanel]}" onto public org.springframework.http.ResponseEntity<java.lang.Object> com.beibei.bbmanage.controller.web.index.IndexCategoryController.deletePanel(java.lang.Integer)
2018-12-10 17:01:58.727  INFO 85783 --- [           main] s.w.s.m.m.a.RequestMappingHandlerMapping : Mapped "{[/index/menu]}" onto public org.springframework.http.ResponseEntity<java.lang.Object> com.beibei.bbmanage.controller.web.sys.WebSysMenuController.getSysMenu()
2018-12-10 17:01:58.727  INFO 85783 --- [           main] s.w.s.m.m.a.RequestMappingHandlerMapping : Mapped "{[/gt/register]}" onto public void com.beibei.bbmanage.controller.web.user.UserController.start(javax.servlet.http.HttpServletResponse,javax.servlet.http.HttpServletRequest)
2018-12-10 17:01:58.727  INFO 85783 --- [           main] s.w.s.m.m.a.RequestMappingHandlerMapping : Mapped "{[/user/findAllUser]}" onto public org.springframework.http.ResponseEntity<java.lang.Object> com.beibei.bbmanage.controller.web.user.UserController.findAllUser(javax.servlet.http.HttpServletRequest)
2018-12-10 17:01:58.732  INFO 85783 --- [           main] s.w.s.m.m.a.RequestMappingHandlerMapping : Mapped "{[/error]}" onto public org.springframework.http.ResponseEntity<java.util.Map<java.lang.String, java.lang.Object>> org.springframework.boot.autoconfigure.web.BasicErrorController.error(javax.servlet.http.HttpServletRequest)
2018-12-10 17:01:58.732  INFO 85783 --- [           main] s.w.s.m.m.a.RequestMappingHandlerMapping : Mapped "{[/error],produces=[text/html]}" onto public org.springframework.web.servlet.ModelAndView org.springframework.boot.autoconfigure.web.BasicErrorController.errorHtml(javax.servlet.http.HttpServletRequest,javax.servlet.http.HttpServletResponse)
2018-12-10 17:01:58.754  INFO 85783 --- [           main] o.s.w.s.handler.SimpleUrlHandlerMapping  : Mapped URL path [/login.html] onto handler of type [class org.springframework.web.servlet.mvc.ParameterizableViewController]
2018-12-10 17:01:58.754  INFO 85783 --- [           main] o.s.w.s.handler.SimpleUrlHandlerMapping  : Root mapping to handler of type [class org.springframework.web.servlet.mvc.ParameterizableViewController]
2018-12-10 17:01:58.771  INFO 85783 --- [           main] o.s.w.s.handler.SimpleUrlHandlerMapping  : Mapped URL path [/static/**] onto handler of type [class org.springframework.web.servlet.resource.ResourceHttpRequestHandler]
2018-12-10 17:01:58.864  INFO 85783 --- [           main] s.w.s.m.m.a.RequestMappingHandlerAdapter : Looking for @ControllerAdvice: org.springframework.web.context.support.GenericWebApplicationContext@5e600dd5: startup date [Mon Dec 10 17:01:47 CST 2018]; root of context hierarchy
2018-12-10 17:01:58.931  WARN 85783 --- [           main] o.s.w.c.s.GenericWebApplicationContext   : Exception encountered during context initialization - cancelling refresh attempt: org.springframework.beans.factory.BeanCreationException: Error creating bean with name 'serverEndpointExporter' defined in class path resource [com/beibei/bbmanage/handler/WebSocketConfig.class]: Invocation of init method failed; nested exception is java.lang.IllegalStateException: javax.websocket.server.ServerContainer not available
2018-12-10 17:01:58.937  INFO 85783 --- [           main] j.LocalContainerEntityManagerFactoryBean : Closing JPA EntityManagerFactory for persistence unit 'default'
2018-12-10 17:01:58.943  INFO 85783 --- [           main] com.alibaba.druid.pool.DruidDataSource   : {dataSource-1} closed
2018-12-10 17:01:58.950  INFO 85783 --- [           main] utoConfigurationReportLoggingInitializer : 

Error starting ApplicationContext. To display the auto-configuration report re-run your application with 'debug' enabled.
2018-12-10 17:01:58.958 ERROR 85783 --- [           main] o.s.boot.SpringApplication               : Application startup failed

org.springframework.beans.factory.BeanCreationException: Error creating bean with name 'serverEndpointExporter' defined in class path resource [com/beibei/bbmanage/handler/WebSocketConfig.class]: Invocation of init method failed; nested exception is java.lang.IllegalStateException: javax.websocket.server.ServerContainer not available
	at org.springframework.beans.factory.support.AbstractAutowireCapableBeanFactory.initializeBean(AbstractAutowireCapableBeanFactory.java:1634) ~[spring-beans-4.3.18.RELEASE.jar:4.3.18.RELEASE]
	at org.springframework.beans.factory.support.AbstractAutowireCapableBeanFactory.doCreateBean(AbstractAutowireCapableBeanFactory.java:555) ~[spring-beans-4.3.18.RELEASE.jar:4.3.18.RELEASE]
	at org.springframework.beans.factory.support.AbstractAutowireCapableBeanFactory.createBean(AbstractAutowireCapableBeanFactory.java:483) ~[spring-beans-4.3.18.RELEASE.jar:4.3.18.RELEASE]
	at org.springframework.beans.factory.support.AbstractBeanFactory$1.getObject(AbstractBeanFactory.java:312) ~[spring-beans-4.3.18.RELEASE.jar:4.3.18.RELEASE]
	at org.springframework.beans.factory.support.DefaultSingletonBeanRegistry.getSingleton(DefaultSingletonBeanRegistry.java:230) ~[spring-beans-4.3.18.RELEASE.jar:4.3.18.RELEASE]
	at org.springframework.beans.factory.support.AbstractBeanFactory.doGetBean(AbstractBeanFactory.java:308) ~[spring-beans-4.3.18.RELEASE.jar:4.3.18.RELEASE]
	at org.springframework.beans.factory.support.AbstractBeanFactory.getBean(AbstractBeanFactory.java:197) ~[spring-beans-4.3.18.RELEASE.jar:4.3.18.RELEASE]
	at org.springframework.beans.factory.support.DefaultListableBeanFactory.preInstantiateSingletons(DefaultListableBeanFactory.java:761) ~[spring-beans-4.3.18.RELEASE.jar:4.3.18.RELEASE]
	at org.springframework.context.support.AbstractApplicationContext.finishBeanFactoryInitialization(AbstractApplicationContext.java:867) ~[spring-context-4.3.18.RELEASE.jar:4.3.18.RELEASE]
	at org.springframework.context.support.AbstractApplicationContext.refresh(AbstractApplicationContext.java:543) ~[spring-context-4.3.18.RELEASE.jar:4.3.18.RELEASE]
	at org.springframework.boot.SpringApplication.refresh(SpringApplication.java:693) ~[spring-boot-1.5.15.RELEASE.jar:1.5.15.RELEASE]
	at org.springframework.boot.SpringApplication.refreshContext(SpringApplication.java:360) ~[spring-boot-1.5.15.RELEASE.jar:1.5.15.RELEASE]
	at org.springframework.boot.SpringApplication.run(SpringApplication.java:303) ~[spring-boot-1.5.15.RELEASE.jar:1.5.15.RELEASE]
	at org.springframework.boot.test.context.SpringBootContextLoader.loadContext(SpringBootContextLoader.java:121) [spring-boot-test-1.5.15.RELEASE.jar:1.5.15.RELEASE]
	at org.springframework.test.context.cache.DefaultCacheAwareContextLoaderDelegate.loadContextInternal(DefaultCacheAwareContextLoaderDelegate.java:98) [spring-test-4.3.18.RELEASE.jar:4.3.18.RELEASE]
	at org.springframework.test.context.cache.DefaultCacheAwareContextLoaderDelegate.loadContext(DefaultCacheAwareContextLoaderDelegate.java:116) [spring-test-4.3.18.RELEASE.jar:4.3.18.RELEASE]
	at org.springframework.test.context.support.DefaultTestContext.getApplicationContext(DefaultTestContext.java:83) [spring-test-4.3.18.RELEASE.jar:4.3.18.RELEASE]
	at org.springframework.test.context.web.ServletTestExecutionListener.setUpRequestContextIfNecessary(ServletTestExecutionListener.java:189) [spring-test-4.3.18.RELEASE.jar:4.3.18.RELEASE]
	at org.springframework.test.context.web.ServletTestExecutionListener.prepareTestInstance(ServletTestExecutionListener.java:131) [spring-test-4.3.18.RELEASE.jar:4.3.18.RELEASE]
	at org.springframework.test.context.TestContextManager.prepareTestInstance(TestContextManager.java:230) [spring-test-4.3.18.RELEASE.jar:4.3.18.RELEASE]
	at org.springframework.test.context.junit4.SpringJUnit4ClassRunner.createTest(SpringJUnit4ClassRunner.java:228) [spring-test-4.3.18.RELEASE.jar:4.3.18.RELEASE]
	at org.springframework.test.context.junit4.SpringJUnit4ClassRunner$1.runReflectiveCall(SpringJUnit4ClassRunner.java:287) [spring-test-4.3.18.RELEASE.jar:4.3.18.RELEASE]
	at org.junit.internal.runners.model.ReflectiveCallable.run(ReflectiveCallable.java:12) [junit-4.12.jar:4.12]
	at org.springframework.test.context.junit4.SpringJUnit4ClassRunner.methodBlock(SpringJUnit4ClassRunner.java:289) [spring-test-4.3.18.RELEASE.jar:4.3.18.RELEASE]
	at org.springframework.test.context.junit4.SpringJUnit4ClassRunner.runChild(SpringJUnit4ClassRunner.java:247) [spring-test-4.3.18.RELEASE.jar:4.3.18.RELEASE]
	at org.springframework.test.context.junit4.SpringJUnit4ClassRunner.runChild(SpringJUnit4ClassRunner.java:94) [spring-test-4.3.18.RELEASE.jar:4.3.18.RELEASE]
	at org.junit.runners.ParentRunner$3.run(ParentRunner.java:290) [junit-4.12.jar:4.12]
	at org.junit.runners.ParentRunner$1.schedule(ParentRunner.java:71) [junit-4.12.jar:4.12]
	at org.junit.runners.ParentRunner.runChildren(ParentRunner.java:288) [junit-4.12.jar:4.12]
	at org.junit.runners.ParentRunner.access$000(ParentRunner.java:58) [junit-4.12.jar:4.12]
	at org.junit.runners.ParentRunner$2.evaluate(ParentRunner.java:268) [junit-4.12.jar:4.12]
	at org.springframework.test.context.junit4.statements.RunBeforeTestClassCallbacks.evaluate(RunBeforeTestClassCallbacks.java:61) [spring-test-4.3.18.RELEASE.jar:4.3.18.RELEASE]
	at org.springframework.test.context.junit4.statements.RunAfterTestClassCallbacks.evaluate(RunAfterTestClassCallbacks.java:70) [spring-test-4.3.18.RELEASE.jar:4.3.18.RELEASE]
	at org.junit.runners.ParentRunner.run(ParentRunner.java:363) [junit-4.12.jar:4.12]
	at org.springframework.test.context.junit4.SpringJUnit4ClassRunner.run(SpringJUnit4ClassRunner.java:191) [spring-test-4.3.18.RELEASE.jar:4.3.18.RELEASE]
	at org.apache.maven.surefire.junit4.JUnit4Provider.execute(JUnit4Provider.java:283) [surefire-junit4-2.18.1.jar:2.18.1]
	at org.apache.maven.surefire.junit4.JUnit4Provider.executeWithRerun(JUnit4Provider.java:173) [surefire-junit4-2.18.1.jar:2.18.1]
	at org.apache.maven.surefire.junit4.JUnit4Provider.executeTestSet(JUnit4Provider.java:153) [surefire-junit4-2.18.1.jar:2.18.1]
	at org.apache.maven.surefire.junit4.JUnit4Provider.invoke(JUnit4Provider.java:128) [surefire-junit4-2.18.1.jar:2.18.1]
	at org.apache.maven.surefire.booter.ForkedBooter.invokeProviderInSameClassLoader(ForkedBooter.java:203) [surefire-booter-2.18.1.jar:2.18.1]
	at org.apache.maven.surefire.booter.ForkedBooter.runSuitesInProcess(ForkedBooter.java:155) [surefire-booter-2.18.1.jar:2.18.1]
	at org.apache.maven.surefire.booter.ForkedBooter.main(ForkedBooter.java:103) [surefire-booter-2.18.1.jar:2.18.1]
Caused by: java.lang.IllegalStateException: javax.websocket.server.ServerContainer not available
	at org.springframework.util.Assert.state(Assert.java:70) ~[spring-core-4.3.18.RELEASE.jar:4.3.18.RELEASE]
	at org.springframework.web.socket.server.standard.ServerEndpointExporter.afterPropertiesSet(ServerEndpointExporter.java:102) ~[spring-websocket-4.3.18.RELEASE.jar:4.3.18.RELEASE]
	at org.springframework.beans.factory.support.AbstractAutowireCapableBeanFactory.invokeInitMethods(AbstractAutowireCapableBeanFactory.java:1692) ~[spring-beans-4.3.18.RELEASE.jar:4.3.18.RELEASE]
	at org.springframework.beans.factory.support.AbstractAutowireCapableBeanFactory.initializeBean(AbstractAutowireCapableBeanFactory.java:1630) ~[spring-beans-4.3.18.RELEASE.jar:4.3.18.RELEASE]
	... 41 common frames omitted

2018-12-10 17:01:58.960 ERROR 85783 --- [           main] o.s.test.context.TestContextManager      : Caught exception while allowing TestExecutionListener [org.springframework.test.context.web.ServletTestExecutionListener@23f7d05d] to prepare test instance [com.beibei.bbmanage.BbmanageApplicationTests@4e210016]

java.lang.IllegalStateException: Failed to load ApplicationContext
	at org.springframework.test.context.cache.DefaultCacheAwareContextLoaderDelegate.loadContext(DefaultCacheAwareContextLoaderDelegate.java:124) ~[spring-test-4.3.18.RELEASE.jar:4.3.18.RELEASE]
	at org.springframework.test.context.support.DefaultTestContext.getApplicationContext(DefaultTestContext.java:83) ~[spring-test-4.3.18.RELEASE.jar:4.3.18.RELEASE]
	at org.springframework.test.context.web.ServletTestExecutionListener.setUpRequestContextIfNecessary(ServletTestExecutionListener.java:189) ~[spring-test-4.3.18.RELEASE.jar:4.3.18.RELEASE]
	at org.springframework.test.context.web.ServletTestExecutionListener.prepareTestInstance(ServletTestExecutionListener.java:131) ~[spring-test-4.3.18.RELEASE.jar:4.3.18.RELEASE]
	at org.springframework.test.context.TestContextManager.prepareTestInstance(TestContextManager.java:230) ~[spring-test-4.3.18.RELEASE.jar:4.3.18.RELEASE]
	at org.springframework.test.context.junit4.SpringJUnit4ClassRunner.createTest(SpringJUnit4ClassRunner.java:228) [spring-test-4.3.18.RELEASE.jar:4.3.18.RELEASE]
	at org.springframework.test.context.junit4.SpringJUnit4ClassRunner$1.runReflectiveCall(SpringJUnit4ClassRunner.java:287) [spring-test-4.3.18.RELEASE.jar:4.3.18.RELEASE]
	at org.junit.internal.runners.model.ReflectiveCallable.run(ReflectiveCallable.java:12) [junit-4.12.jar:4.12]
	at org.springframework.test.context.junit4.SpringJUnit4ClassRunner.methodBlock(SpringJUnit4ClassRunner.java:289) [spring-test-4.3.18.RELEASE.jar:4.3.18.RELEASE]
	at org.springframework.test.context.junit4.SpringJUnit4ClassRunner.runChild(SpringJUnit4ClassRunner.java:247) [spring-test-4.3.18.RELEASE.jar:4.3.18.RELEASE]
	at org.springframework.test.context.junit4.SpringJUnit4ClassRunner.runChild(SpringJUnit4ClassRunner.java:94) [spring-test-4.3.18.RELEASE.jar:4.3.18.RELEASE]
	at org.junit.runners.ParentRunner$3.run(ParentRunner.java:290) [junit-4.12.jar:4.12]
	at org.junit.runners.ParentRunner$1.schedule(ParentRunner.java:71) [junit-4.12.jar:4.12]
	at org.junit.runners.ParentRunner.runChildren(ParentRunner.java:288) [junit-4.12.jar:4.12]
	at org.junit.runners.ParentRunner.access$000(ParentRunner.java:58) [junit-4.12.jar:4.12]
	at org.junit.runners.ParentRunner$2.evaluate(ParentRunner.java:268) [junit-4.12.jar:4.12]
	at org.springframework.test.context.junit4.statements.RunBeforeTestClassCallbacks.evaluate(RunBeforeTestClassCallbacks.java:61) [spring-test-4.3.18.RELEASE.jar:4.3.18.RELEASE]
	at org.springframework.test.context.junit4.statements.RunAfterTestClassCallbacks.evaluate(RunAfterTestClassCallbacks.java:70) [spring-test-4.3.18.RELEASE.jar:4.3.18.RELEASE]
	at org.junit.runners.ParentRunner.run(ParentRunner.java:363) [junit-4.12.jar:4.12]
	at org.springframework.test.context.junit4.SpringJUnit4ClassRunner.run(SpringJUnit4ClassRunner.java:191) [spring-test-4.3.18.RELEASE.jar:4.3.18.RELEASE]
	at org.apache.maven.surefire.junit4.JUnit4Provider.execute(JUnit4Provider.java:283) [surefire-junit4-2.18.1.jar:2.18.1]
	at org.apache.maven.surefire.junit4.JUnit4Provider.executeWithRerun(JUnit4Provider.java:173) [surefire-junit4-2.18.1.jar:2.18.1]
	at org.apache.maven.surefire.junit4.JUnit4Provider.executeTestSet(JUnit4Provider.java:153) [surefire-junit4-2.18.1.jar:2.18.1]
	at org.apache.maven.surefire.junit4.JUnit4Provider.invoke(JUnit4Provider.java:128) [surefire-junit4-2.18.1.jar:2.18.1]
	at org.apache.maven.surefire.booter.ForkedBooter.invokeProviderInSameClassLoader(ForkedBooter.java:203) [surefire-booter-2.18.1.jar:2.18.1]
	at org.apache.maven.surefire.booter.ForkedBooter.runSuitesInProcess(ForkedBooter.java:155) [surefire-booter-2.18.1.jar:2.18.1]
	at org.apache.maven.surefire.booter.ForkedBooter.main(ForkedBooter.java:103) [surefire-booter-2.18.1.jar:2.18.1]
Caused by: org.springframework.beans.factory.BeanCreationException: Error creating bean with name 'serverEndpointExporter' defined in class path resource [com/beibei/bbmanage/handler/WebSocketConfig.class]: Invocation of init method failed; nested exception is java.lang.IllegalStateException: javax.websocket.server.ServerContainer not available
	at org.springframework.beans.factory.support.AbstractAutowireCapableBeanFactory.initializeBean(AbstractAutowireCapableBeanFactory.java:1634) ~[spring-beans-4.3.18.RELEASE.jar:4.3.18.RELEASE]
	at org.springframework.beans.factory.support.AbstractAutowireCapableBeanFactory.doCreateBean(AbstractAutowireCapableBeanFactory.java:555) ~[spring-beans-4.3.18.RELEASE.jar:4.3.18.RELEASE]
	at org.springframework.beans.factory.support.AbstractAutowireCapableBeanFactory.createBean(AbstractAutowireCapableBeanFactory.java:483) ~[spring-beans-4.3.18.RELEASE.jar:4.3.18.RELEASE]
	at org.springframework.beans.factory.support.AbstractBeanFactory$1.getObject(AbstractBeanFactory.java:312) ~[spring-beans-4.3.18.RELEASE.jar:4.3.18.RELEASE]
	at org.springframework.beans.factory.support.DefaultSingletonBeanRegistry.getSingleton(DefaultSingletonBeanRegistry.java:230) ~[spring-beans-4.3.18.RELEASE.jar:4.3.18.RELEASE]
	at org.springframework.beans.factory.support.AbstractBeanFactory.doGetBean(AbstractBeanFactory.java:308) ~[spring-beans-4.3.18.RELEASE.jar:4.3.18.RELEASE]
	at org.springframework.beans.factory.support.AbstractBeanFactory.getBean(AbstractBeanFactory.java:197) ~[spring-beans-4.3.18.RELEASE.jar:4.3.18.RELEASE]
	at org.springframework.beans.factory.support.DefaultListableBeanFactory.preInstantiateSingletons(DefaultListableBeanFactory.java:761) ~[spring-beans-4.3.18.RELEASE.jar:4.3.18.RELEASE]
	at org.springframework.context.support.AbstractApplicationContext.finishBeanFactoryInitialization(AbstractApplicationContext.java:867) ~[spring-context-4.3.18.RELEASE.jar:4.3.18.RELEASE]
	at org.springframework.context.support.AbstractApplicationContext.refresh(AbstractApplicationContext.java:543) ~[spring-context-4.3.18.RELEASE.jar:4.3.18.RELEASE]
	at org.springframework.boot.SpringApplication.refresh(SpringApplication.java:693) ~[spring-boot-1.5.15.RELEASE.jar:1.5.15.RELEASE]
	at org.springframework.boot.SpringApplication.refreshContext(SpringApplication.java:360) ~[spring-boot-1.5.15.RELEASE.jar:1.5.15.RELEASE]
	at org.springframework.boot.SpringApplication.run(SpringApplication.java:303) ~[spring-boot-1.5.15.RELEASE.jar:1.5.15.RELEASE]
	at org.springframework.boot.test.context.SpringBootContextLoader.loadContext(SpringBootContextLoader.java:121) ~[spring-boot-test-1.5.15.RELEASE.jar:1.5.15.RELEASE]
	at org.springframework.test.context.cache.DefaultCacheAwareContextLoaderDelegate.loadContextInternal(DefaultCacheAwareContextLoaderDelegate.java:98) ~[spring-test-4.3.18.RELEASE.jar:4.3.18.RELEASE]
	at org.springframework.test.context.cache.DefaultCacheAwareContextLoaderDelegate.loadContext(DefaultCacheAwareContextLoaderDelegate.java:116) ~[spring-test-4.3.18.RELEASE.jar:4.3.18.RELEASE]
	... 26 common frames omitted
Caused by: java.lang.IllegalStateException: javax.websocket.server.ServerContainer not available
	at org.springframework.util.Assert.state(Assert.java:70) ~[spring-core-4.3.18.RELEASE.jar:4.3.18.RELEASE]
	at org.springframework.web.socket.server.standard.ServerEndpointExporter.afterPropertiesSet(ServerEndpointExporter.java:102) ~[spring-websocket-4.3.18.RELEASE.jar:4.3.18.RELEASE]
	at org.springframework.beans.factory.support.AbstractAutowireCapableBeanFactory.invokeInitMethods(AbstractAutowireCapableBeanFactory.java:1692) ~[spring-beans-4.3.18.RELEASE.jar:4.3.18.RELEASE]
	at org.springframework.beans.factory.support.AbstractAutowireCapableBeanFactory.initializeBean(AbstractAutowireCapableBeanFactory.java:1630) ~[spring-beans-4.3.18.RELEASE.jar:4.3.18.RELEASE]
	... 41 common frames omitted

]]></system-out>
  </testcase>
</testsuite>